[ 2015-09-29T12:29:52+08:00 ] ::1 /report/
INFO: [ app_init ] --START--
INFO: Run Behavior\BuildLiteBehavior [ RunTime:0.000010s ]
INFO: [ app_init ] --END-- [ RunTime:0.000051s ]
INFO: [ app_begin ] --START--
INFO: Run Behavior\ReadHtmlCacheBehavior [ RunTime:0.001350s ]
INFO: [ app_begin ] --END-- [ RunTime:0.001397s ]
INFO: [ view_parse ] --START--
INFO: [ template_filter ] --START--
INFO: Run Behavior\ContentReplaceBehavior [ RunTime:0.000027s ]
INFO: [ template_filter ] --END-- [ RunTime:0.000078s ]
NOTIC: [8] Undefined index: id /Users/duzexuan/www/report/APP/Home/Common/function.php 第 8 行.
NOTIC: [2] DOMDocument::loadXML(): Empty string supplied as input /Users/duzexuan/www/report/APP/Home/Common/function.php 第 44 行.

[ 2015-09-29T12:46:48+08:00 ] ::1 /report/
INFO: [ app_init ] --START--
INFO: Run Behavior\BuildLiteBehavior [ RunTime:0.000009s ]
INFO: [ app_init ] --END-- [ RunTime:0.000046s ]
INFO: [ app_begin ] --START--
INFO: Run Behavior\ReadHtmlCacheBehavior [ RunTime:0.001673s ]
INFO: [ app_begin ] --END-- [ RunTime:0.001727s ]
INFO: [ view_parse ] --START--
INFO: [ template_filter ] --START--
INFO: Run Behavior\ContentReplaceBehavior [ RunTime:0.000021s ]
INFO: [ template_filter ] --END-- [ RunTime:0.000061s ]
NOTIC: [8] Undefined index: id /Users/duzexuan/www/report/APP/Home/Common/function.php 第 8 行.
INFO: Run Behavior\ParseTemplateBehavior [ RunTime:0.031925s ]
INFO: [ view_parse ] --END-- [ RunTime:0.031994s ]
INFO: [ view_filter ] --START--
INFO: Run Behavior\WriteHtmlCacheBehavior [ RunTime:0.001667s ]
INFO: [ view_filter ] --END-- [ RunTime:0.001795s ]
INFO: [ app_end ] --START--
INFO: Run Behavior\ShowPageTraceBehavior [ RunTime:0.002116s ]
INFO: [ app_end ] --END-- [ RunTime:0.002191s ]

[ 2015-09-29T12:49:31+08:00 ] ::1 /report/
INFO: [ app_init ] --START--
INFO: Run Behavior\BuildLiteBehavior [ RunTime:0.000012s ]
INFO: [ app_init ] --END-- [ RunTime:0.000063s ]
INFO: [ app_begin ] --START--
INFO: Run Behavior\ReadHtmlCacheBehavior [ RunTime:0.000449s ]
INFO: [ app_begin ] --END-- [ RunTime:0.000502s ]
INFO: [ view_parse ] --START--
INFO: [ template_filter ] --START--
INFO: Run Behavior\ContentReplaceBehavior [ RunTime:0.000034s ]
INFO: [ template_filter ] --END-- [ RunTime:0.000101s ]
NOTIC: [8] Undefined index: id /Users/duzexuan/www/report/APP/Home/Common/function.php 第 8 行.
INFO: Run Behavior\ParseTemplateBehavior [ RunTime:0.051414s ]
INFO: [ view_parse ] --END-- [ RunTime:0.051473s ]
INFO: [ view_filter ] --START--
INFO: Run Behavior\WriteHtmlCacheBehavior [ RunTime:0.000236s ]
INFO: [ view_filter ] --END-- [ RunTime:0.000275s ]
INFO: [ app_end ] --START--
INFO: Run Behavior\ShowPageTraceBehavior [ RunTime:0.000472s ]
INFO: [ app_end ] --END-- [ RunTime:0.000515s ]

[ 2015-09-29T13:14:36+08:00 ] ::1 /report/
INFO: [ app_init ] --START--
INFO: Run Behavior\BuildLiteBehavior [ RunTime:0.000016s ]
INFO: [ app_init ] --END-- [ RunTime:0.000080s ]
INFO: [ app_begin ] --START--
INFO: Run Behavior\ReadHtmlCacheBehavior [ RunTime:0.001787s ]
INFO: [ app_begin ] --END-- [ RunTime:0.001850s ]
INFO: [ view_parse ] --START--
INFO: [ template_filter ] --START--
INFO: Run Behavior\ContentReplaceBehavior [ RunTime:0.000022s ]
INFO: [ template_filter ] --END-- [ RunTime:0.000064s ]
NOTIC: [8] Undefined index: id /Users/duzexuan/www/report/APP/Home/Common/function.php 第 8 行.
INFO: Run Behavior\ParseTemplateBehavior [ RunTime:0.875082s ]
INFO: [ view_parse ] --END-- [ RunTime:0.875148s ]
INFO: [ view_filter ] --START--
INFO: Run Behavior\WriteHtmlCacheBehavior [ RunTime:0.002236s ]
INFO: [ view_filter ] --END-- [ RunTime:0.002295s ]
INFO: [ app_end ] --START--
INFO: Run Behavior\ShowPageTraceBehavior [ RunTime:0.001701s ]
INFO: [ app_end ] --END-- [ RunTime:0.001775s ]

[ 2015-09-29T13:29:05+08:00 ] ::1 /report/
INFO: [ app_init ] --START--
INFO: Run Behavior\BuildLiteBehavior [ RunTime:0.000010s ]
INFO: [ app_init ] --END-- [ RunTime:0.000051s ]
INFO: [ app_begin ] --START--
INFO: Run Behavior\ReadHtmlCacheBehavior [ RunTime:0.001412s ]
INFO: [ app_begin ] --END-- [ RunTime:0.001482s ]
INFO: [ view_parse ] --START--
INFO: [ template_filter ] --START--
INFO: Run Behavior\ContentReplaceBehavior [ RunTime:0.000022s ]
INFO: [ template_filter ] --END-- [ RunTime:0.000062s ]
NOTIC: [8] Undefined index: rzm /Users/duzexuan/www/report/APP/Home/Common/function.php 第 13 行.
NOTIC: [8] Undefined index: xm /Users/duzexuan/www/report/APP/Home/Common/function.php 第 13 行.
NOTIC: [8] Undefined index: ip /Users/duzexuan/www/report/APP/Home/Common/function.php 第 13 行.
NOTIC: [8] Undefined index: bt /Users/duzexuan/www/report/APP/Home/Common/function.php 第 13 行.
NOTIC: [8] Undefined index: fwxmh /Users/duzexuan/www/report/APP/Home/Common/function.php 第 13 行.
NOTIC: [8] Undefined index: bxdh /Users/duzexuan/www/report/APP/Home/Common/function.php 第 13 行.
NOTIC: [8] Undefined index: fwqyh /Users/duzexuan/www/report/APP/Home/Common/function.php 第 13 行.
NOTIC: [8] Undefined index: bxdd /Users/duzexuan/www/report/APP/Home/Common/function.php 第 13 行.
NOTIC: [8] Undefined index: bxnr /Users/duzexuan/www/report/APP/Home/Common/function.php 第 13 行.
INFO: Run Behavior\ParseTemplateBehavior [ RunTime:0.051034s ]
INFO: [ view_parse ] --END-- [ RunTime:0.051104s ]
INFO: [ view_filter ] --START--
INFO: Run Behavior\WriteHtmlCacheBehavior [ RunTime:0.001644s ]
INFO: [ view_filter ] --END-- [ RunTime:0.001736s ]
INFO: [ app_end ] --START--
INFO: Run Behavior\ShowPageTraceBehavior [ RunTime:0.002035s ]
INFO: [ app_end ] --END-- [ RunTime:0.002129s ]

[ 2015-09-29T13:30:43+08:00 ] ::1 /report/
INFO: [ app_init ] --START--
INFO: Run Behavior\BuildLiteBehavior [ RunTime:0.000008s ]
INFO: [ app_init ] --END-- [ RunTime:0.000040s ]
INFO: [ app_begin ] --START--
INFO: Run Behavior\ReadHtmlCacheBehavior [ RunTime:0.000305s ]
INFO: [ app_begin ] --END-- [ RunTime:0.000337s ]
INFO: [ view_parse ] --START--
INFO: [ template_filter ] --START--
INFO: Run Behavior\ContentReplaceBehavior [ RunTime:0.000018s ]
INFO: [ template_filter ] --END-- [ RunTime:0.000052s ]
NOTIC: [8] Undefined index: rzm /Users/duzexuan/www/report/APP/Home/Common/function.php 第 13 行.
NOTIC: [8] Undefined index: xm /Users/duzexuan/www/report/APP/Home/Common/function.php 第 13 行.
NOTIC: [8] Undefined index: ip /Users/duzexuan/www/report/APP/Home/Common/function.php 第 13 行.
NOTIC: [8] Undefined index: bt /Users/duzexuan/www/report/APP/Home/Common/function.php 第 13 行.
NOTIC: [8] Undefined index: fwxmh /Users/duzexuan/www/report/APP/Home/Common/function.php 第 13 行.
NOTIC: [8] Undefined index: bxdh /Users/duzexuan/www/report/APP/Home/Common/function.php 第 13 行.
NOTIC: [8] Undefined index: fwqyh /Users/duzexuan/www/report/APP/Home/Common/function.php 第 13 行.
NOTIC: [8] Undefined index: bxdd /Users/duzexuan/www/report/APP/Home/Common/function.php 第 13 行.
NOTIC: [8] Undefined index: bxnr /Users/duzexuan/www/report/APP/Home/Common/function.php 第 13 行.
INFO: Run Behavior\ParseTemplateBehavior [ RunTime:0.044820s ]
INFO: [ view_parse ] --END-- [ RunTime:0.044877s ]
INFO: [ view_filter ] --START--
INFO: Run Behavior\WriteHtmlCacheBehavior [ RunTime:0.000235s ]
INFO: [ view_filter ] --END-- [ RunTime:0.000274s ]
INFO: [ app_end ] --START--
INFO: Run Behavior\ShowPageTraceBehavior [ RunTime:0.000470s ]
INFO: [ app_end ] --END-- [ RunTime:0.000513s ]

[ 2015-09-29T13:33:53+08:00 ] ::1 /report/
INFO: [ app_init ] --START--
INFO: Run Behavior\BuildLiteBehavior [ RunTime:0.000008s ]
INFO: [ app_init ] --END-- [ RunTime:0.000037s ]
INFO: [ app_begin ] --START--
INFO: Run Behavior\ReadHtmlCacheBehavior [ RunTime:0.000237s ]
INFO: [ app_begin ] --END-- [ RunTime:0.000281s ]
INFO: [ view_parse ] --START--
INFO: [ template_filter ] --START--
INFO: Run Behavior\ContentReplaceBehavior [ RunTime:0.000019s ]
INFO: [ template_filter ] --END-- [ RunTime:0.000053s ]
NOTIC: [8] Undefined index: rzm /Users/duzexuan/www/report/APP/Home/Common/function.php 第 13 行.
NOTIC: [8] Undefined index: xm /Users/duzexuan/www/report/APP/Home/Common/function.php 第 13 行.
NOTIC: [8] Undefined index: ip /Users/duzexuan/www/report/APP/Home/Common/function.php 第 13 行.
NOTIC: [8] Undefined index: bt /Users/duzexuan/www/report/APP/Home/Common/function.php 第 13 行.
NOTIC: [8] Undefined index: fwxmh /Users/duzexuan/www/report/APP/Home/Common/function.php 第 13 行.
NOTIC: [8] Undefined index: bxdh /Users/duzexuan/www/report/APP/Home/Common/function.php 第 13 行.
NOTIC: [8] Undefined index: fwqyh /Users/duzexuan/www/report/APP/Home/Common/function.php 第 13 行.
NOTIC: [8] Undefined index: bxdd /Users/duzexuan/www/report/APP/Home/Common/function.php 第 13 行.
NOTIC: [8] Undefined index: bxnr /Users/duzexuan/www/report/APP/Home/Common/function.php 第 13 行.
INFO: Run Behavior\ParseTemplateBehavior [ RunTime:0.039231s ]
INFO: [ view_parse ] --END-- [ RunTime:0.039298s ]
INFO: [ view_filter ] --START--
INFO: Run Behavior\WriteHtmlCacheBehavior [ RunTime:0.000245s ]
INFO: [ view_filter ] --END-- [ RunTime:0.000285s ]
INFO: [ app_end ] --START--
INFO: Run Behavior\ShowPageTraceBehavior [ RunTime:0.000472s ]
INFO: [ app_end ] --END-- [ RunTime:0.000514s ]

[ 2015-09-29T13:34:57+08:00 ] ::1 /report/
INFO: [ app_init ] --START--
INFO: Run Behavior\BuildLiteBehavior [ RunTime:0.000008s ]
INFO: [ app_init ] --END-- [ RunTime:0.000040s ]
INFO: [ app_begin ] --START--
INFO: Run Behavior\ReadHtmlCacheBehavior [ RunTime:0.000257s ]
INFO: [ app_begin ] --END-- [ RunTime:0.000286s ]
INFO: [ view_parse ] --START--
INFO: [ template_filter ] --START--
INFO: Run Behavior\ContentReplaceBehavior [ RunTime:0.000019s ]
INFO: [ template_filter ] --END-- [ RunTime:0.000052s ]
NOTIC: [8] Undefined index: rzm /Users/duzexuan/www/report/APP/Home/Common/function.php 第 13 行.
NOTIC: [8] Undefined index: xm /Users/duzexuan/www/report/APP/Home/Common/function.php 第 13 行.
NOTIC: [8] Undefined index: ip /Users/duzexuan/www/report/APP/Home/Common/function.php 第 13 行.
NOTIC: [8] Undefined index: bt /Users/duzexuan/www/report/APP/Home/Common/function.php 第 13 行.
NOTIC: [8] Undefined index: fwxmh /Users/duzexuan/www/report/APP/Home/Common/function.php 第 13 行.
NOTIC: [8] Undefined index: bxdh /Users/duzexuan/www/report/APP/Home/Common/function.php 第 13 行.
NOTIC: [8] Undefined index: fwqyh /Users/duzexuan/www/report/APP/Home/Common/function.php 第 13 行.
NOTIC: [8] Undefined index: bxdd /Users/duzexuan/www/report/APP/Home/Common/function.php 第 13 行.
NOTIC: [8] Undefined index: bxnr /Users/duzexuan/www/report/APP/Home/Common/function.php 第 13 行.
INFO: Run Behavior\ParseTemplateBehavior [ RunTime:0.027987s ]
INFO: [ view_parse ] --END-- [ RunTime:0.028070s ]
INFO: [ view_filter ] --START--
INFO: Run Behavior\WriteHtmlCacheBehavior [ RunTime:0.000163s ]
INFO: [ view_filter ] --END-- [ RunTime:0.000186s ]
INFO: [ app_end ] --START--
INFO: Run Behavior\ShowPageTraceBehavior [ RunTime:0.000299s ]
INFO: [ app_end ] --END-- [ RunTime:0.000324s ]

[ 2015-09-29T13:35:43+08:00 ] ::1 /report/
INFO: [ app_init ] --START--
INFO: Run Behavior\BuildLiteBehavior [ RunTime:0.000008s ]
INFO: [ app_init ] --END-- [ RunTime:0.000038s ]
INFO: [ app_begin ] --START--
INFO: Run Behavior\ReadHtmlCacheBehavior [ RunTime:0.001498s ]
INFO: [ app_begin ] --END-- [ RunTime:0.001550s ]
INFO: [ view_parse ] --START--
INFO: [ template_filter ] --START--
INFO: Run Behavior\ContentReplaceBehavior [ RunTime:0.000021s ]
INFO: [ template_filter ] --END-- [ RunTime:0.000060s ]
NOTIC: [8] Undefined index: rzm /Users/duzexuan/www/report/APP/Home/Common/function.php 第 13 行.
NOTIC: [8] Undefined index: xm /Users/duzexuan/www/report/APP/Home/Common/function.php 第 13 行.
NOTIC: [8] Undefined index: ip /Users/duzexuan/www/report/APP/Home/Common/function.php 第 13 行.
NOTIC: [8] Undefined index: bt /Users/duzexuan/www/report/APP/Home/Common/function.php 第 13 行.
NOTIC: [8] Undefined index: fwxmh /Users/duzexuan/www/report/APP/Home/Common/function.php 第 13 行.
NOTIC: [8] Undefined index: bxdh /Users/duzexuan/www/report/APP/Home/Common/function.php 第 13 行.
NOTIC: [8] Undefined index: fwqyh /Users/duzexuan/www/report/APP/Home/Common/function.php 第 13 行.
NOTIC: [8] Undefined index: bxdd /Users/duzexuan/www/report/APP/Home/Common/function.php 第 13 行.
NOTIC: [8] Undefined index: bxnr /Users/duzexuan/www/report/APP/Home/Common/function.php 第 13 行.

[ 2015-09-29T13:35:51+08:00 ] ::1 /report/
INFO: [ app_init ] --START--
INFO: Run Behavior\BuildLiteBehavior [ RunTime:0.000007s ]
INFO: [ app_init ] --END-- [ RunTime:0.000037s ]
INFO: [ app_begin ] --START--
INFO: Run Behavior\ReadHtmlCacheBehavior [ RunTime:0.000229s ]
INFO: [ app_begin ] --END-- [ RunTime:0.000258s ]
INFO: [ view_parse ] --START--
INFO: [ template_filter ] --START--
INFO: Run Behavior\ContentReplaceBehavior [ RunTime:0.000020s ]
INFO: [ template_filter ] --END-- [ RunTime:0.000056s ]
NOTIC: [8] Undefined index: rzm /Users/duzexuan/www/report/APP/Home/Common/function.php 第 13 行.
NOTIC: [8] Undefined index: xm /Users/duzexuan/www/report/APP/Home/Common/function.php 第 13 行.
NOTIC: [8] Undefined index: ip /Users/duzexuan/www/report/APP/Home/Common/function.php 第 13 行.
NOTIC: [8] Undefined index: bt /Users/duzexuan/www/report/APP/Home/Common/function.php 第 13 行.
NOTIC: [8] Undefined index: fwxmh /Users/duzexuan/www/report/APP/Home/Common/function.php 第 13 行.
NOTIC: [8] Undefined index: bxdh /Users/duzexuan/www/report/APP/Home/Common/function.php 第 13 行.
NOTIC: [8] Undefined index: fwqyh /Users/duzexuan/www/report/APP/Home/Common/function.php 第 13 行.
NOTIC: [8] Undefined index: bxdd /Users/duzexuan/www/report/APP/Home/Common/function.php 第 13 行.
NOTIC: [8] Undefined index: bxnr /Users/duzexuan/www/report/APP/Home/Common/function.php 第 13 行.
INFO: Run Behavior\ParseTemplateBehavior [ RunTime:0.025415s ]
INFO: [ view_parse ] --END-- [ RunTime:0.025458s ]
INFO: [ view_filter ] --START--
INFO: Run Behavior\WriteHtmlCacheBehavior [ RunTime:0.001348s ]
INFO: [ view_filter ] --END-- [ RunTime:0.001406s ]
INFO: [ app_end ] --START--
INFO: Run Behavior\ShowPageTraceBehavior [ RunTime:0.001941s ]
INFO: [ app_end ] --END-- [ RunTime:0.001986s ]

[ 2015-09-29T13:36:13+08:00 ] ::1 /report/
INFO: [ app_init ] --START--
INFO: Run Behavior\BuildLiteBehavior [ RunTime:0.000008s ]
INFO: [ app_init ] --END-- [ RunTime:0.000036s ]
INFO: [ app_begin ] --START--
INFO: Run Behavior\ReadHtmlCacheBehavior [ RunTime:0.000232s ]
INFO: [ app_begin ] --END-- [ RunTime:0.000260s ]
INFO: [ view_parse ] --START--
INFO: [ template_filter ] --START--
INFO: Run Behavior\ContentReplaceBehavior [ RunTime:0.000020s ]
INFO: [ template_filter ] --END-- [ RunTime:0.000056s ]
NOTIC: [8] Undefined index: rzm /Users/duzexuan/www/report/APP/Home/Common/function.php 第 13 行.
NOTIC: [8] Undefined index: xm /Users/duzexuan/www/report/APP/Home/Common/function.php 第 13 行.
NOTIC: [8] Undefined index: ip /Users/duzexuan/www/report/APP/Home/Common/function.php 第 13 行.
NOTIC: [8] Undefined index: bt /Users/duzexuan/www/report/APP/Home/Common/function.php 第 13 行.
NOTIC: [8] Undefined index: fwxmh /Users/duzexuan/www/report/APP/Home/Common/function.php 第 13 行.
NOTIC: [8] Undefined index: bxdh /Users/duzexuan/www/report/APP/Home/Common/function.php 第 13 行.
NOTIC: [8] Undefined index: fwqyh /Users/duzexuan/www/report/APP/Home/Common/function.php 第 13 行.
NOTIC: [8] Undefined index: bxdd /Users/duzexuan/www/report/APP/Home/Common/function.php 第 13 行.
NOTIC: [8] Undefined index: bxnr /Users/duzexuan/www/report/APP/Home/Common/function.php 第 13 行.
INFO: Run Behavior\ParseTemplateBehavior [ RunTime:0.023359s ]
INFO: [ view_parse ] --END-- [ RunTime:0.023419s ]
INFO: [ view_filter ] --START--
INFO: Run Behavior\WriteHtmlCacheBehavior [ RunTime:0.000259s ]
INFO: [ view_filter ] --END-- [ RunTime:0.000300s ]
INFO: [ app_end ] --START--
INFO: Run Behavior\ShowPageTraceBehavior [ RunTime:0.000421s ]
INFO: [ app_end ] --END-- [ RunTime:0.000451s ]

[ 2015-09-29T15:55:38+08:00 ] ::1 /report/
INFO: [ app_init ] --START--
INFO: Run Behavior\BuildLiteBehavior [ RunTime:0.000011s ]
INFO: [ app_init ] --END-- [ RunTime:0.000055s ]
INFO: [ app_begin ] --START--
INFO: Run Behavior\ReadHtmlCacheBehavior [ RunTime:0.001541s ]
INFO: [ app_begin ] --END-- [ RunTime:0.001592s ]
INFO: [ view_parse ] --START--
INFO: [ template_filter ] --START--
INFO: Run Behavior\ContentReplaceBehavior [ RunTime:0.000022s ]
INFO: [ template_filter ] --END-- [ RunTime:0.000061s ]
NOTIC: [8] Undefined index: id /Users/duzexuan/www/report/APP/Home/Common/function.php 第 8 行.
INFO: Run Behavior\ParseTemplateBehavior [ RunTime:1.115208s ]
INFO: [ view_parse ] --END-- [ RunTime:1.115272s ]
INFO: [ view_filter ] --START--
INFO: Run Behavior\WriteHtmlCacheBehavior [ RunTime:0.001613s ]
INFO: [ view_filter ] --END-- [ RunTime:0.001685s ]
INFO: [ app_end ] --START--
INFO: Run Behavior\ShowPageTraceBehavior [ RunTime:0.002016s ]
INFO: [ app_end ] --END-- [ RunTime:0.002091s ]

[ 2015-09-29T15:57:23+08:00 ] ::1 /report/
INFO: [ app_init ] --START--
INFO: Run Behavior\BuildLiteBehavior [ RunTime:0.000007s ]
INFO: [ app_init ] --END-- [ RunTime:0.000035s ]
INFO: [ app_begin ] --START--
INFO: Run Behavior\ReadHtmlCacheBehavior [ RunTime:0.000280s ]
INFO: [ app_begin ] --END-- [ RunTime:0.000321s ]
INFO: [ view_parse ] --START--
INFO: [ template_filter ] --START--
INFO: Run Behavior\ContentReplaceBehavior [ RunTime:0.000016s ]
INFO: [ template_filter ] --END-- [ RunTime:0.000047s ]
NOTIC: [8] Undefined index: rzm /Users/duzexuan/www/report/APP/Home/Common/function.php 第 13 行.
NOTIC: [8] Undefined index: xm /Users/duzexuan/www/report/APP/Home/Common/function.php 第 13 行.
NOTIC: [8] Undefined index: ip /Users/duzexuan/www/report/APP/Home/Common/function.php 第 13 行.
NOTIC: [8] Undefined index: bt /Users/duzexuan/www/report/APP/Home/Common/function.php 第 13 行.
NOTIC: [8] Undefined index: fwxmh /Users/duzexuan/www/report/APP/Home/Common/function.php 第 13 行.
NOTIC: [8] Undefined index: bxdh /Users/duzexuan/www/report/APP/Home/Common/function.php 第 13 行.
NOTIC: [8] Undefined index: fwqyh /Users/duzexuan/www/report/APP/Home/Common/function.php 第 13 行.
NOTIC: [8] Undefined index: bxdd /Users/duzexuan/www/report/APP/Home/Common/function.php 第 13 行.
NOTIC: [8] Undefined index: bxnr /Users/duzexuan/www/report/APP/Home/Common/function.php 第 13 行.
INFO: Run Behavior\ParseTemplateBehavior [ RunTime:0.112577s ]
INFO: [ view_parse ] --END-- [ RunTime:0.112617s ]
INFO: [ view_filter ] --START--
INFO: Run Behavior\WriteHtmlCacheBehavior [ RunTime:0.000146s ]
INFO: [ view_filter ] --END-- [ RunTime:0.000168s ]
INFO: [ app_end ] --START--
INFO: Run Behavior\ShowPageTraceBehavior [ RunTime:0.000267s ]
INFO: [ app_end ] --END-- [ RunTime:0.000291s ]

[ 2015-09-29T16:03:33+08:00 ] ::1 /report/
INFO: [ app_init ] --START--
INFO: Run Behavior\BuildLiteBehavior [ RunTime:0.000011s ]
INFO: [ app_init ] --END-- [ RunTime:0.000054s ]

[ 2015-09-29T16:04:02+08:00 ] ::1 /report/
INFO: [ app_init ] --START--
INFO: Run Behavior\BuildLiteBehavior [ RunTime:0.000008s ]
INFO: [ app_init ] --END-- [ RunTime:0.000037s ]
INFO: [ app_begin ] --START--
INFO: Run Behavior\ReadHtmlCacheBehavior [ RunTime:0.001262s ]
INFO: [ app_begin ] --END-- [ RunTime:0.001345s ]
INFO: [ view_parse ] --START--
INFO: [ template_filter ] --START--
INFO: Run Behavior\ContentReplaceBehavior [ RunTime:0.000023s ]
INFO: [ template_filter ] --END-- [ RunTime:0.000062s ]
NOTIC: [8] Undefined index: id /Users/duzexuan/www/report/APP/Home/Common/function.php 第 6 行.
NOTIC: [8] Undefined index: id /Users/duzexuan/www/report/APP/Home/Common/function.php 第 8 行.
INFO: Run Behavior\ParseTemplateBehavior [ RunTime:0.131006s ]
INFO: [ view_parse ] --END-- [ RunTime:0.131075s ]
INFO: [ view_filter ] --START--
INFO: Run Behavior\WriteHtmlCacheBehavior [ RunTime:0.001735s ]
INFO: [ view_filter ] --END-- [ RunTime:0.001828s ]
INFO: [ app_end ] --START--
INFO: Run Behavior\ShowPageTraceBehavior [ RunTime:0.002082s ]
INFO: [ app_end ] --END-- [ RunTime:0.002207s ]

[ 2015-09-29T16:13:07+08:00 ] ::1 /report/
INFO: [ app_init ] --START--
INFO: Run Behavior\BuildLiteBehavior [ RunTime:0.000010s ]
INFO: [ app_init ] --END-- [ RunTime:0.000054s ]
INFO: [ app_begin ] --START--
INFO: Run Behavior\ReadHtmlCacheBehavior [ RunTime:0.001563s ]
INFO: [ app_begin ] --END-- [ RunTime:0.001613s ]
INFO: [ view_parse ] --START--
INFO: [ template_filter ] --START--
INFO: Run Behavior\ContentReplaceBehavior [ RunTime:0.000022s ]
INFO: [ template_filter ] --END-- [ RunTime:0.000061s ]
NOTIC: [8] Undefined index: appId /Users/duzexuan/www/report/APP/Home/Common/function.php 第 6 行.
NOTIC: [8] Undefined index: rzm /Users/duzexuan/www/report/APP/Home/Common/function.php 第 13 行.
NOTIC: [8] Undefined index: xm /Users/duzexuan/www/report/APP/Home/Common/function.php 第 13 行.
NOTIC: [8] Undefined index: ip /Users/duzexuan/www/report/APP/Home/Common/function.php 第 13 行.
NOTIC: [8] Undefined index: bt /Users/duzexuan/www/report/APP/Home/Common/function.php 第 13 行.
NOTIC: [8] Undefined index: fwxmh /Users/duzexuan/www/report/APP/Home/Common/function.php 第 13 行.
NOTIC: [8] Undefined index: bxdh /Users/duzexuan/www/report/APP/Home/Common/function.php 第 13 行.
NOTIC: [8] Undefined index: fwqyh /Users/duzexuan/www/report/APP/Home/Common/function.php 第 13 行.
NOTIC: [8] Undefined index: bxdd /Users/duzexuan/www/report/APP/Home/Common/function.php 第 13 行.
NOTIC: [8] Undefined index: bxnr /Users/duzexuan/www/report/APP/Home/Common/function.php 第 13 行.
INFO: Run Behavior\ParseTemplateBehavior [ RunTime:0.112695s ]
INFO: [ view_parse ] --END-- [ RunTime:0.112765s ]
INFO: [ view_filter ] --START--
INFO: Run Behavior\WriteHtmlCacheBehavior [ RunTime:0.001506s ]
INFO: [ view_filter ] --END-- [ RunTime:0.001553s ]
INFO: [ app_end ] --START--
INFO: Run Behavior\ShowPageTraceBehavior [ RunTime:0.001817s ]
INFO: [ app_end ] --END-- [ RunTime:0.001903s ]

[ 2015-09-29T16:14:44+08:00 ] ::1 /report/
INFO: [ app_init ] --START--
INFO: Run Behavior\BuildLiteBehavior [ RunTime:0.000008s ]
INFO: [ app_init ] --END-- [ RunTime:0.000037s ]
INFO: [ app_begin ] --START--
INFO: Run Behavior\ReadHtmlCacheBehavior [ RunTime:0.000228s ]
INFO: [ app_begin ] --END-- [ RunTime:0.000257s ]
INFO: [ view_parse ] --START--
INFO: [ template_filter ] --START--
INFO: Run Behavior\ContentReplaceBehavior [ RunTime:0.000019s ]
INFO: [ template_filter ] --END-- [ RunTime:0.000053s ]

[ 2015-09-29T16:15:22+08:00 ] ::1 /report/
INFO: [ app_init ] --START--
INFO: Run Behavior\BuildLiteBehavior [ RunTime:0.000007s ]
INFO: [ app_init ] --END-- [ RunTime:0.000037s ]
INFO: [ app_begin ] --START--
INFO: Run Behavior\ReadHtmlCacheBehavior [ RunTime:0.000230s ]
INFO: [ app_begin ] --END-- [ RunTime:0.000260s ]
INFO: [ view_parse ] --START--
INFO: [ template_filter ] --START--
INFO: Run Behavior\ContentReplaceBehavior [ RunTime:0.000020s ]
INFO: [ template_filter ] --END-- [ RunTime:0.000056s ]

[ 2015-09-29T16:15:39+08:00 ] ::1 /report/
INFO: [ app_init ] --START--
INFO: Run Behavior\BuildLiteBehavior [ RunTime:0.000007s ]
INFO: [ app_init ] --END-- [ RunTime:0.000038s ]
INFO: [ app_begin ] --START--
INFO: Run Behavior\ReadHtmlCacheBehavior [ RunTime:0.000234s ]
INFO: [ app_begin ] --END-- [ RunTime:0.000263s ]
INFO: [ view_parse ] --START--
INFO: [ template_filter ] --START--
INFO: Run Behavior\ContentReplaceBehavior [ RunTime:0.000017s ]
INFO: [ template_filter ] --END-- [ RunTime:0.000045s ]
NOTIC: [8] Undefined index: rzm /Users/duzexuan/www/report/APP/Home/Common/function.php 第 13 行.
NOTIC: [8] Undefined index: xm /Users/duzexuan/www/report/APP/Home/Common/function.php 第 13 行.
NOTIC: [8] Undefined index: ip /Users/duzexuan/www/report/APP/Home/Common/function.php 第 13 行.
NOTIC: [8] Undefined index: bt /Users/duzexuan/www/report/APP/Home/Common/function.php 第 13 行.
NOTIC: [8] Undefined index: fwxmh /Users/duzexuan/www/report/APP/Home/Common/function.php 第 13 行.
NOTIC: [8] Undefined index: bxdh /Users/duzexuan/www/report/APP/Home/Common/function.php 第 13 行.
NOTIC: [8] Undefined index: fwqyh /Users/duzexuan/www/report/APP/Home/Common/function.php 第 13 行.
NOTIC: [8] Undefined index: bxdd /Users/duzexuan/www/report/APP/Home/Common/function.php 第 13 行.
NOTIC: [8] Undefined index: bxnr /Users/duzexuan/www/report/APP/Home/Common/function.php 第 13 行.
INFO: Run Behavior\ParseTemplateBehavior [ RunTime:0.037521s ]
INFO: [ view_parse ] --END-- [ RunTime:0.037580s ]
INFO: [ view_filter ] --START--
INFO: Run Behavior\WriteHtmlCacheBehavior [ RunTime:0.000236s ]
INFO: [ view_filter ] --END-- [ RunTime:0.000275s ]
INFO: [ app_end ] --START--
INFO: Run Behavior\ShowPageTraceBehavior [ RunTime:0.000461s ]
INFO: [ app_end ] --END-- [ RunTime:0.000503s ]

[ 2015-09-29T16:24:16+08:00 ] ::1 /report/
INFO: [ app_init ] --START--
INFO: Run Behavior\BuildLiteBehavior [ RunTime:0.000009s ]
INFO: [ app_init ] --END-- [ RunTime:0.000049s ]
INFO: [ app_begin ] --START--
INFO: Run Behavior\ReadHtmlCacheBehavior [ RunTime:0.001506s ]
INFO: [ app_begin ] --END-- [ RunTime:0.001568s ]
INFO: [ view_parse ] --START--
INFO: [ template_filter ] --START--
INFO: Run Behavior\ContentReplaceBehavior [ RunTime:0.000025s ]
INFO: [ template_filter ] --END-- [ RunTime:0.000065s ]
NOTIC: [8] Undefined index: rzm /Users/duzexuan/www/report/APP/Home/Common/function.php 第 13 行.
NOTIC: [8] Undefined index: xm /Users/duzexuan/www/report/APP/Home/Common/function.php 第 13 行.
NOTIC: [8] Undefined index: ip /Users/duzexuan/www/report/APP/Home/Common/function.php 第 13 行.
NOTIC: [8] Undefined index: bt /Users/duzexuan/www/report/APP/Home/Common/function.php 第 13 行.
NOTIC: [8] Undefined index: fwxmh /Users/duzexuan/www/report/APP/Home/Common/function.php 第 13 行.
NOTIC: [8] Undefined index: bxdh /Users/duzexuan/www/report/APP/Home/Common/function.php 第 13 行.
NOTIC: [8] Undefined index: fwqyh /Users/duzexuan/www/report/APP/Home/Common/function.php 第 13 行.
NOTIC: [8] Undefined index: bxdd /Users/duzexuan/www/report/APP/Home/Common/function.php 第 13 行.
NOTIC: [8] Undefined index: bxnr /Users/duzexuan/www/report/APP/Home/Common/function.php 第 13 行.
INFO: Run Behavior\ParseTemplateBehavior [ RunTime:0.271583s ]
INFO: [ view_parse ] --END-- [ RunTime:0.271691s ]
INFO: [ view_filter ] --START--
INFO: Run Behavior\WriteHtmlCacheBehavior [ RunTime:0.001461s ]
INFO: [ view_filter ] --END-- [ RunTime:0.001536s ]
INFO: [ app_end ] --START--
INFO: Run Behavior\ShowPageTraceBehavior [ RunTime:0.001885s ]
INFO: [ app_end ] --END-- [ RunTime:0.001938s ]

[ 2015-09-29T16:25:41+08:00 ] ::1 /report/
INFO: [ app_init ] --START--
INFO: Run Behavior\BuildLiteBehavior [ RunTime:0.000008s ]
INFO: [ app_init ] --END-- [ RunTime:0.000037s ]
INFO: [ app_begin ] --START--
INFO: Run Behavior\ReadHtmlCacheBehavior [ RunTime:0.000230s ]
INFO: [ app_begin ] --END-- [ RunTime:0.000259s ]
INFO: [ view_parse ] --START--
INFO: [ template_filter ] --START--
INFO: Run Behavior\ContentReplaceBehavior [ RunTime:0.000020s ]
INFO: [ template_filter ] --END-- [ RunTime:0.000056s ]
NOTIC: [8] Undefined index: rzm /Users/duzexuan/www/report/APP/Home/Common/function.php 第 13 行.
NOTIC: [8] Undefined index: xm /Users/duzexuan/www/report/APP/Home/Common/function.php 第 13 行.
NOTIC: [8] Undefined index: ip /Users/duzexuan/www/report/APP/Home/Common/function.php 第 13 行.
NOTIC: [8] Undefined index: bt /Users/duzexuan/www/report/APP/Home/Common/function.php 第 13 行.
NOTIC: [8] Undefined index: fwxmh /Users/duzexuan/www/report/APP/Home/Common/function.php 第 13 行.
NOTIC: [8] Undefined index: bxdh /Users/duzexuan/www/report/APP/Home/Common/function.php 第 13 行.
NOTIC: [8] Undefined index: fwqyh /Users/duzexuan/www/report/APP/Home/Common/function.php 第 13 行.
NOTIC: [8] Undefined index: bxdd /Users/duzexuan/www/report/APP/Home/Common/function.php 第 13 行.
NOTIC: [8] Undefined index: bxnr /Users/duzexuan/www/report/APP/Home/Common/function.php 第 13 行.
INFO: Run Behavior\ParseTemplateBehavior [ RunTime:0.055091s ]
INFO: [ view_parse ] --END-- [ RunTime:0.055154s ]
INFO: [ view_filter ] --START--
INFO: Run Behavior\WriteHtmlCacheBehavior [ RunTime:0.000323s ]
INFO: [ view_filter ] --END-- [ RunTime:0.000388s ]
INFO: [ app_end ] --START--
INFO: Run Behavior\ShowPageTraceBehavior [ RunTime:0.000730s ]
INFO: [ app_end ] --END-- [ RunTime:0.000779s ]

[ 2015-09-29T16:27:14+08:00 ] ::1 /report/
INFO: [ app_init ] --START--
INFO: Run Behavior\BuildLiteBehavior [ RunTime:0.000009s ]
INFO: [ app_init ] --END-- [ RunTime:0.000047s ]
INFO: [ app_begin ] --START--
INFO: Run Behavior\ReadHtmlCacheBehavior [ RunTime:0.001524s ]
INFO: [ app_begin ] --END-- [ RunTime:0.001593s ]
INFO: [ view_parse ] --START--
INFO: [ template_filter ] --START--
INFO: Run Behavior\ContentReplaceBehavior [ RunTime:0.000022s ]
INFO: [ template_filter ] --END-- [ RunTime:0.000061s ]
NOTIC: [8] Undefined index: rzm /Users/duzexuan/www/report/APP/Home/Common/function.php 第 13 行.
NOTIC: [8] Undefined index: xm /Users/duzexuan/www/report/APP/Home/Common/function.php 第 13 行.
NOTIC: [8] Undefined index: ip /Users/duzexuan/www/report/APP/Home/Common/function.php 第 13 行.
NOTIC: [8] Undefined index: bt /Users/duzexuan/www/report/APP/Home/Common/function.php 第 13 行.
NOTIC: [8] Undefined index: fwxmh /Users/duzexuan/www/report/APP/Home/Common/function.php 第 13 行.
NOTIC: [8] Undefined index: bxdh /Users/duzexuan/www/report/APP/Home/Common/function.php 第 13 行.
NOTIC: [8] Undefined index: fwqyh /Users/duzexuan/www/report/APP/Home/Common/function.php 第 13 行.
NOTIC: [8] Undefined index: bxdd /Users/duzexuan/www/report/APP/Home/Common/function.php 第 13 行.
NOTIC: [8] Undefined index: bxnr /Users/duzexuan/www/report/APP/Home/Common/function.php 第 13 行.
INFO: Run Behavior\ParseTemplateBehavior [ RunTime:0.029663s ]
INFO: [ view_parse ] --END-- [ RunTime:0.029787s ]
INFO: [ view_filter ] --START--
INFO: Run Behavior\WriteHtmlCacheBehavior [ RunTime:0.001989s ]
INFO: [ view_filter ] --END-- [ RunTime:0.002140s ]
INFO: [ app_end ] --START--
INFO: Run Behavior\ShowPageTraceBehavior [ RunTime:0.001644s ]
INFO: [ app_end ] --END-- [ RunTime:0.001692s ]

[ 2015-09-29T16:29:06+08:00 ] ::1 /report/
INFO: [ app_init ] --START--
INFO: Run Behavior\BuildLiteBehavior [ RunTime:0.000007s ]
INFO: [ app_init ] --END-- [ RunTime:0.000036s ]
INFO: [ app_begin ] --START--
INFO: Run Behavior\ReadHtmlCacheBehavior [ RunTime:0.000231s ]
INFO: [ app_begin ] --END-- [ RunTime:0.000260s ]
INFO: [ view_parse ] --START--
INFO: [ template_filter ] --START--
INFO: Run Behavior\ContentReplaceBehavior [ RunTime:0.000019s ]
INFO: [ template_filter ] --END-- [ RunTime:0.000054s ]
NOTIC: [8] Undefined index: rzm /Users/duzexuan/www/report/APP/Home/Common/function.php 第 13 行.
NOTIC: [8] Undefined index: xm /Users/duzexuan/www/report/APP/Home/Common/function.php 第 13 行.
NOTIC: [8] Undefined index: ip /Users/duzexuan/www/report/APP/Home/Common/function.php 第 13 行.
NOTIC: [8] Undefined index: bt /Users/duzexuan/www/report/APP/Home/Common/function.php 第 13 行.
NOTIC: [8] Undefined index: fwxmh /Users/duzexuan/www/report/APP/Home/Common/function.php 第 13 行.
NOTIC: [8] Undefined index: bxdh /Users/duzexuan/www/report/APP/Home/Common/function.php 第 13 行.
NOTIC: [8] Undefined index: fwqyh /Users/duzexuan/www/report/APP/Home/Common/function.php 第 13 行.
NOTIC: [8] Undefined index: bxdd /Users/duzexuan/www/report/APP/Home/Common/function.php 第 13 行.
NOTIC: [8] Undefined index: bxnr /Users/duzexuan/www/report/APP/Home/Common/function.php 第 13 行.
INFO: Run Behavior\ParseTemplateBehavior [ RunTime:0.048662s ]
INFO: [ view_parse ] --END-- [ RunTime:0.048728s ]
INFO: [ view_filter ] --START--
INFO: Run Behavior\WriteHtmlCacheBehavior [ RunTime:0.000335s ]
INFO: [ view_filter ] --END-- [ RunTime:0.000377s ]
INFO: [ app_end ] --START--
INFO: Run Behavior\ShowPageTraceBehavior [ RunTime:0.000487s ]
INFO: [ app_end ] --END-- [ RunTime:0.000529s ]

[ 2015-09-29T16:29:29+08:00 ] ::1 /report/
INFO: [ app_init ] --START--
INFO: Run Behavior\BuildLiteBehavior [ RunTime:0.000009s ]
INFO: [ app_init ] --END-- [ RunTime:0.000080s ]
INFO: [ app_begin ] --START--
INFO: Run Behavior\ReadHtmlCacheBehavior [ RunTime:0.000334s ]
INFO: [ app_begin ] --END-- [ RunTime:0.000380s ]
INFO: [ view_parse ] --START--
INFO: [ template_filter ] --START--
INFO: Run Behavior\ContentReplaceBehavior [ RunTime:0.000019s ]
INFO: [ template_filter ] --END-- [ RunTime:0.000045s ]
NOTIC: [8] Undefined index: rzm /Users/duzexuan/www/report/APP/Home/Common/function.php 第 13 行.
NOTIC: [8] Undefined index: xm /Users/duzexuan/www/report/APP/Home/Common/function.php 第 13 行.
NOTIC: [8] Undefined index: ip /Users/duzexuan/www/report/APP/Home/Common/function.php 第 13 行.
NOTIC: [8] Undefined index: bt /Users/duzexuan/www/report/APP/Home/Common/function.php 第 13 行.
NOTIC: [8] Undefined index: fwxmh /Users/duzexuan/www/report/APP/Home/Common/function.php 第 13 行.
NOTIC: [8] Undefined index: bxdh /Users/duzexuan/www/report/APP/Home/Common/function.php 第 13 行.
NOTIC: [8] Undefined index: fwqyh /Users/duzexuan/www/report/APP/Home/Common/function.php 第 13 行.
NOTIC: [8] Undefined index: bxdd /Users/duzexuan/www/report/APP/Home/Common/function.php 第 13 行.
NOTIC: [8] Undefined index: bxnr /Users/duzexuan/www/report/APP/Home/Common/function.php 第 13 行.
INFO: Run Behavior\ParseTemplateBehavior [ RunTime:0.081060s ]
INFO: [ view_parse ] --END-- [ RunTime:0.081108s ]
INFO: [ view_filter ] --START--
INFO: Run Behavior\WriteHtmlCacheBehavior [ RunTime:0.000284s ]
INFO: [ view_filter ] --END-- [ RunTime:0.000308s ]
INFO: [ app_end ] --START--
INFO: Run Behavior\ShowPageTraceBehavior [ RunTime:0.000288s ]
INFO: [ app_end ] --END-- [ RunTime:0.000313s ]

[ 2015-09-29T16:30:04+08:00 ] ::1 /report/
INFO: [ app_init ] --START--
INFO: Run Behavior\BuildLiteBehavior [ RunTime:0.000007s ]
INFO: [ app_init ] --END-- [ RunTime:0.000036s ]
INFO: [ app_begin ] --START--
INFO: Run Behavior\ReadHtmlCacheBehavior [ RunTime:0.000227s ]
INFO: [ app_begin ] --END-- [ RunTime:0.000256s ]
INFO: [ view_parse ] --START--
INFO: [ template_filter ] --START--
INFO: Run Behavior\ContentReplaceBehavior [ RunTime:0.000020s ]
INFO: [ template_filter ] --END-- [ RunTime:0.000081s ]
NOTIC: [8] Undefined index: rzm /Users/duzexuan/www/report/APP/Home/Common/function.php 第 13 行.
NOTIC: [8] Undefined index: xm /Users/duzexuan/www/report/APP/Home/Common/function.php 第 13 行.
NOTIC: [8] Undefined index: ip /Users/duzexuan/www/report/APP/Home/Common/function.php 第 13 行.
NOTIC: [8] Undefined index: bt /Users/duzexuan/www/report/APP/Home/Common/function.php 第 13 行.
NOTIC: [8] Undefined index: fwxmh /Users/duzexuan/www/report/APP/Home/Common/function.php 第 13 行.
NOTIC: [8] Undefined index: bxdh /Users/duzexuan/www/report/APP/Home/Common/function.php 第 13 行.
NOTIC: [8] Undefined index: fwqyh /Users/duzexuan/www/report/APP/Home/Common/function.php 第 13 行.
NOTIC: [8] Undefined index: bxdd /Users/duzexuan/www/report/APP/Home/Common/function.php 第 13 行.
NOTIC: [8] Undefined index: bxnr /Users/duzexuan/www/report/APP/Home/Common/function.php 第 13 行.
INFO: Run Behavior\ParseTemplateBehavior [ RunTime:0.081187s ]
INFO: [ view_parse ] --END-- [ RunTime:0.081243s ]
INFO: [ view_filter ] --START--
INFO: Run Behavior\WriteHtmlCacheBehavior [ RunTime:0.000207s ]
INFO: [ view_filter ] --END-- [ RunTime:0.000237s ]
INFO: [ app_end ] --START--
INFO: Run Behavior\ShowPageTraceBehavior [ RunTime:0.000288s ]
INFO: [ app_end ] --END-- [ RunTime:0.000312s ]

[ 2015-09-29T16:30:26+08:00 ] ::1 /report/
INFO: [ app_init ] --START--
INFO: Run Behavior\BuildLiteBehavior [ RunTime:0.000007s ]
INFO: [ app_init ] --END-- [ RunTime:0.000038s ]
INFO: [ app_begin ] --START--
INFO: Run Behavior\ReadHtmlCacheBehavior [ RunTime:0.000231s ]
INFO: [ app_begin ] --END-- [ RunTime:0.000261s ]
INFO: [ view_parse ] --START--
INFO: [ template_filter ] --START--
INFO: Run Behavior\ContentReplaceBehavior [ RunTime:0.000018s ]
INFO: [ template_filter ] --END-- [ RunTime:0.000050s ]
NOTIC: [8] Undefined index: rzm /Users/duzexuan/www/report/APP/Home/Common/function.php 第 13 行.
NOTIC: [8] Undefined index: xm /Users/duzexuan/www/report/APP/Home/Common/function.php 第 13 行.
NOTIC: [8] Undefined index: ip /Users/duzexuan/www/report/APP/Home/Common/function.php 第 13 行.
NOTIC: [8] Undefined index: bt /Users/duzexuan/www/report/APP/Home/Common/function.php 第 13 行.
NOTIC: [8] Undefined index: fwxmh /Users/duzexuan/www/report/APP/Home/Common/function.php 第 13 行.
NOTIC: [8] Undefined index: bxdh /Users/duzexuan/www/report/APP/Home/Common/function.php 第 13 行.
NOTIC: [8] Undefined index: fwqyh /Users/duzexuan/www/report/APP/Home/Common/function.php 第 13 行.
NOTIC: [8] Undefined index: bxdd /Users/duzexuan/www/report/APP/Home/Common/function.php 第 13 行.
NOTIC: [8] Undefined index: bxnr /Users/duzexuan/www/report/APP/Home/Common/function.php 第 13 行.
INFO: Run Behavior\ParseTemplateBehavior [ RunTime:0.081251s ]
INFO: [ view_parse ] --END-- [ RunTime:0.081329s ]
INFO: [ view_filter ] --START--
INFO: Run Behavior\WriteHtmlCacheBehavior [ RunTime:0.000353s ]
INFO: [ view_filter ] --END-- [ RunTime:0.000440s ]
INFO: [ app_end ] --START--
INFO: Run Behavior\ShowPageTraceBehavior [ RunTime:0.000473s ]
INFO: [ app_end ] --END-- [ RunTime:0.000513s ]

[ 2015-09-29T17:52:10+08:00 ] ::1 /report/
INFO: [ app_init ] --START--
INFO: Run Behavior\BuildLiteBehavior [ RunTime:0.000011s ]
INFO: [ app_init ] --END-- [ RunTime:0.000052s ]

[ 2015-09-29T17:52:50+08:00 ] ::1 /report/
INFO: [ app_init ] --START--
INFO: Run Behavior\BuildLiteBehavior [ RunTime:0.000010s ]
INFO: [ app_init ] --END-- [ RunTime:0.000049s ]
INFO: [ app_begin ] --START--
INFO: Run Behavior\ReadHtmlCacheBehavior [ RunTime:0.001566s ]
INFO: [ app_begin ] --END-- [ RunTime:0.001613s ]
INFO: [ view_parse ] --START--
INFO: [ template_filter ] --START--
INFO: Run Behavior\ContentReplaceBehavior [ RunTime:0.000022s ]
INFO: [ template_filter ] --END-- [ RunTime:0.000061s ]
NOTIC: [8] Undefined index: rzm /Users/duzexuan/www/report/APP/Home/Common/function.php 第 12 行.
NOTIC: [8] Undefined index: wxdjh /Users/duzexuan/www/report/APP/Home/Common/function.php 第 12 行.
NOTIC: [8] Undefined index: hfmyd /Users/duzexuan/www/report/APP/Home/Common/function.php 第 12 行.
NOTIC: [8] Undefined index: hfjy /Users/duzexuan/www/report/APP/Home/Common/function.php 第 12 行.
NOTIC: [8] Undefined index: rzm /Users/duzexuan/www/report/APP/Home/Common/function.php 第 13 行.
NOTIC: [8] Undefined index: xm /Users/duzexuan/www/report/APP/Home/Common/function.php 第 13 行.
NOTIC: [8] Undefined index: ip /Users/duzexuan/www/report/APP/Home/Common/function.php 第 13 行.
NOTIC: [8] Undefined index: bt /Users/duzexuan/www/report/APP/Home/Common/function.php 第 13 行.
NOTIC: [8] Undefined index: fwxmh /Users/duzexuan/www/report/APP/Home/Common/function.php 第 13 行.
NOTIC: [8] Undefined index: bxdh /Users/duzexuan/www/report/APP/Home/Common/function.php 第 13 行.
NOTIC: [8] Undefined index: fwqyh /Users/duzexuan/www/report/APP/Home/Common/function.php 第 13 行.
NOTIC: [8] Undefined index: bxdd /Users/duzexuan/www/report/APP/Home/Common/function.php 第 13 行.
NOTIC: [8] Undefined index: bxnr /Users/duzexuan/www/report/APP/Home/Common/function.php 第 13 行.
INFO: Run Behavior\ParseTemplateBehavior [ RunTime:1.085002s ]
INFO: [ view_parse ] --END-- [ RunTime:1.085066s ]
INFO: [ view_filter ] --START--
INFO: Run Behavior\WriteHtmlCacheBehavior [ RunTime:0.001304s ]
INFO: [ view_filter ] --END-- [ RunTime:0.001362s ]
INFO: [ app_end ] --START--
INFO: Run Behavior\ShowPageTraceBehavior [ RunTime:0.001997s ]
INFO: [ app_end ] --END-- [ RunTime:0.002070s ]

[ 2015-09-29T17:58:15+08:00 ] ::1 /report/
INFO: [ app_init ] --START--
INFO: Run Behavior\BuildLiteBehavior [ RunTime:0.000009s ]
INFO: [ app_init ] --END-- [ RunTime:0.000050s ]
INFO: [ app_begin ] --START--
INFO: Run Behavior\ReadHtmlCacheBehavior [ RunTime:0.000926s ]
INFO: [ app_begin ] --END-- [ RunTime:0.000979s ]
INFO: [ view_parse ] --START--
INFO: [ template_filter ] --START--
INFO: Run Behavior\ContentReplaceBehavior [ RunTime:0.000029s ]
INFO: [ template_filter ] --END-- [ RunTime:0.000078s ]
NOTIC: [8] Undefined index: rzm /Users/duzexuan/www/report/APP/Home/Common/function.php 第 12 行.
NOTIC: [8] Undefined index: wxdjh /Users/duzexuan/www/report/APP/Home/Common/function.php 第 12 行.
NOTIC: [8] Undefined index: hfmyd /Users/duzexuan/www/report/APP/Home/Common/function.php 第 12 行.
NOTIC: [8] Undefined index: hfjy /Users/duzexuan/www/report/APP/Home/Common/function.php 第 12 行.
NOTIC: [8] Undefined index: rzm /Users/duzexuan/www/report/APP/Home/Common/function.php 第 13 行.
NOTIC: [8] Undefined index: xm /Users/duzexuan/www/report/APP/Home/Common/function.php 第 13 行.
NOTIC: [8] Undefined index: ip /Users/duzexuan/www/report/APP/Home/Common/function.php 第 13 行.
NOTIC: [8] Undefined index: bt /Users/duzexuan/www/report/APP/Home/Common/function.php 第 13 行.
NOTIC: [8] Undefined index: fwxmh /Users/duzexuan/www/report/APP/Home/Common/function.php 第 13 行.
NOTIC: [8] Undefined index: bxdh /Users/duzexuan/www/report/APP/Home/Common/function.php 第 13 行.
NOTIC: [8] Undefined index: fwqyh /Users/duzexuan/www/report/APP/Home/Common/function.php 第 13 行.
NOTIC: [8] Undefined index: bxdd /Users/duzexuan/www/report/APP/Home/Common/function.php 第 13 行.
NOTIC: [8] Undefined index: bxnr /Users/duzexuan/www/report/APP/Home/Common/function.php 第 13 行.
INFO: Run Behavior\ParseTemplateBehavior [ RunTime:0.113795s ]
INFO: [ view_parse ] --END-- [ RunTime:0.113863s ]
INFO: [ view_filter ] --START--
INFO: Run Behavior\WriteHtmlCacheBehavior [ RunTime:0.001560s ]
INFO: [ view_filter ] --END-- [ RunTime:0.001690s ]
INFO: [ app_end ] --START--
INFO: Run Behavior\ShowPageTraceBehavior [ RunTime:0.001809s ]
INFO: [ app_end ] --END-- [ RunTime:0.001862s ]

[ 2015-09-29T17:58:24+08:00 ] ::1 /report/
INFO: [ app_init ] --START--
INFO: Run Behavior\BuildLiteBehavior [ RunTime:0.000009s ]
INFO: [ app_init ] --END-- [ RunTime:0.000112s ]
INFO: [ app_begin ] --START--
INFO: Run Behavior\ReadHtmlCacheBehavior [ RunTime:0.000241s ]
INFO: [ app_begin ] --END-- [ RunTime:0.000274s ]
INFO: [ view_parse ] --START--
INFO: [ template_filter ] --START--
INFO: Run Behavior\ContentReplaceBehavior [ RunTime:0.000021s ]
INFO: [ template_filter ] --END-- [ RunTime:0.000056s ]
NOTIC: [8] Undefined index: rzm /Users/duzexuan/www/report/APP/Home/Common/function.php 第 12 行.
NOTIC: [8] Undefined index: wxdjh /Users/duzexuan/www/report/APP/Home/Common/function.php 第 12 行.
NOTIC: [8] Undefined index: hfmyd /Users/duzexuan/www/report/APP/Home/Common/function.php 第 12 行.
NOTIC: [8] Undefined index: hfjy /Users/duzexuan/www/report/APP/Home/Common/function.php 第 12 行.
NOTIC: [8] Undefined index: rzm /Users/duzexuan/www/report/APP/Home/Common/function.php 第 13 行.
NOTIC: [8] Undefined index: xm /Users/duzexuan/www/report/APP/Home/Common/function.php 第 13 行.
NOTIC: [8] Undefined index: ip /Users/duzexuan/www/report/APP/Home/Common/function.php 第 13 行.
NOTIC: [8] Undefined index: bt /Users/duzexuan/www/report/APP/Home/Common/function.php 第 13 行.
NOTIC: [8] Undefined index: fwxmh /Users/duzexuan/www/report/APP/Home/Common/function.php 第 13 行.
NOTIC: [8] Undefined index: bxdh /Users/duzexuan/www/report/APP/Home/Common/function.php 第 13 行.
NOTIC: [8] Undefined index: fwqyh /Users/duzexuan/www/report/APP/Home/Common/function.php 第 13 行.
NOTIC: [8] Undefined index: bxdd /Users/duzexuan/www/report/APP/Home/Common/function.php 第 13 行.
NOTIC: [8] Undefined index: bxnr /Users/duzexuan/www/report/APP/Home/Common/function.php 第 13 行.
INFO: Run Behavior\ParseTemplateBehavior [ RunTime:0.104204s ]
INFO: [ view_parse ] --END-- [ RunTime:0.104247s ]
INFO: [ view_filter ] --START--
INFO: Run Behavior\WriteHtmlCacheBehavior [ RunTime:0.000175s ]
INFO: [ view_filter ] --END-- [ RunTime:0.000207s ]
INFO: [ app_end ] --START--
INFO: Run Behavior\ShowPageTraceBehavior [ RunTime:0.000393s ]
INFO: [ app_end ] --END-- [ RunTime:0.000431s ]

[ 2015-09-29T18:02:39+08:00 ] ::1 /report/
INFO: [ app_init ] --START--
INFO: Run Behavior\BuildLiteBehavior [ RunTime:0.000015s ]
INFO: [ app_init ] --END-- [ RunTime:0.000085s ]
INFO: [ app_begin ] --START--
INFO: Run Behavior\ReadHtmlCacheBehavior [ RunTime:0.001570s ]
INFO: [ app_begin ] --END-- [ RunTime:0.001620s ]
INFO: [ view_parse ] --START--
INFO: [ template_filter ] --START--
INFO: Run Behavior\ContentReplaceBehavior [ RunTime:0.000029s ]
INFO: [ template_filter ] --END-- [ RunTime:0.000121s ]
NOTIC: [8] Undefined index: rzm /Users/duzexuan/www/report/APP/Home/Common/function.php 第 12 行.
NOTIC: [8] Undefined index: wxdjh /Users/duzexuan/www/report/APP/Home/Common/function.php 第 12 行.
NOTIC: [8] Undefined index: hfmyd /Users/duzexuan/www/report/APP/Home/Common/function.php 第 12 行.
NOTIC: [8] Undefined index: hfjy /Users/duzexuan/www/report/APP/Home/Common/function.php 第 12 行.
NOTIC: [8] Undefined index: rzm /Users/duzexuan/www/report/APP/Home/Common/function.php 第 13 行.
NOTIC: [8] Undefined index: xm /Users/duzexuan/www/report/APP/Home/Common/function.php 第 13 行.
NOTIC: [8] Undefined index: ip /Users/duzexuan/www/report/APP/Home/Common/function.php 第 13 行.
NOTIC: [8] Undefined index: bt /Users/duzexuan/www/report/APP/Home/Common/function.php 第 13 行.
NOTIC: [8] Undefined index: fwxmh /Users/duzexuan/www/report/APP/Home/Common/function.php 第 13 行.
NOTIC: [8] Undefined index: bxdh /Users/duzexuan/www/report/APP/Home/Common/function.php 第 13 行.
NOTIC: [8] Undefined index: fwqyh /Users/duzexuan/www/report/APP/Home/Common/function.php 第 13 行.
NOTIC: [8] Undefined index: bxdd /Users/duzexuan/www/report/APP/Home/Common/function.php 第 13 行.
NOTIC: [8] Undefined index: bxnr /Users/duzexuan/www/report/APP/Home/Common/function.php 第 13 行.
INFO: Run Behavior\ParseTemplateBehavior [ RunTime:0.121903s ]
INFO: [ view_parse ] --END-- [ RunTime:0.121954s ]
INFO: [ view_filter ] --START--
INFO: Run Behavior\WriteHtmlCacheBehavior [ RunTime:0.001309s ]
INFO: [ view_filter ] --END-- [ RunTime:0.001351s ]
INFO: [ app_end ] --START--
INFO: Run Behavior\ShowPageTraceBehavior [ RunTime:0.003089s ]
INFO: [ app_end ] --END-- [ RunTime:0.003137s ]

[ 2015-09-29T18:03:19+08:00 ] ::1 /report/
INFO: [ app_init ] --START--
INFO: Run Behavior\BuildLiteBehavior [ RunTime:0.000007s ]
INFO: [ app_init ] --END-- [ RunTime:0.000037s ]
INFO: [ app_begin ] --START--
INFO: Run Behavior\ReadHtmlCacheBehavior [ RunTime:0.000236s ]
INFO: [ app_begin ] --END-- [ RunTime:0.000266s ]
INFO: [ view_parse ] --START--
INFO: [ template_filter ] --START--
INFO: Run Behavior\ContentReplaceBehavior [ RunTime:0.000018s ]
INFO: [ template_filter ] --END-- [ RunTime:0.000051s ]
NOTIC: [8] Undefined index: rzm /Users/duzexuan/www/report/APP/Home/Common/function.php 第 12 行.
NOTIC: [8] Undefined index: wxdjh /Users/duzexuan/www/report/APP/Home/Common/function.php 第 12 行.
NOTIC: [8] Undefined index: hfmyd /Users/duzexuan/www/report/APP/Home/Common/function.php 第 12 行.
NOTIC: [8] Undefined index: hfjy /Users/duzexuan/www/report/APP/Home/Common/function.php 第 12 行.
NOTIC: [8] Undefined index: rzm /Users/duzexuan/www/report/APP/Home/Common/function.php 第 13 行.
NOTIC: [8] Undefined index: xm /Users/duzexuan/www/report/APP/Home/Common/function.php 第 13 行.
NOTIC: [8] Undefined index: ip /Users/duzexuan/www/report/APP/Home/Common/function.php 第 13 行.
NOTIC: [8] Undefined index: bt /Users/duzexuan/www/report/APP/Home/Common/function.php 第 13 行.
NOTIC: [8] Undefined index: fwxmh /Users/duzexuan/www/report/APP/Home/Common/function.php 第 13 行.
NOTIC: [8] Undefined index: bxdh /Users/duzexuan/www/report/APP/Home/Common/function.php 第 13 行.
NOTIC: [8] Undefined index: fwqyh /Users/duzexuan/www/report/APP/Home/Common/function.php 第 13 行.
NOTIC: [8] Undefined index: bxdd /Users/duzexuan/www/report/APP/Home/Common/function.php 第 13 行.
NOTIC: [8] Undefined index: bxnr /Users/duzexuan/www/report/APP/Home/Common/function.php 第 13 行.
INFO: Run Behavior\ParseTemplateBehavior [ RunTime:0.104068s ]
INFO: [ view_parse ] --END-- [ RunTime:0.104130s ]
INFO: [ view_filter ] --START--
INFO: Run Behavior\WriteHtmlCacheBehavior [ RunTime:0.000172s ]
INFO: [ view_filter ] --END-- [ RunTime:0.000197s ]
INFO: [ app_end ] --START--
INFO: Run Behavior\ShowPageTraceBehavior [ RunTime:0.000322s ]
INFO: [ app_end ] --END-- [ RunTime:0.000351s ]

[ 2015-09-29T18:06:50+08:00 ] ::1 /report/
INFO: [ app_init ] --START--
INFO: Run Behavior\BuildLiteBehavior [ RunTime:0.000008s ]
INFO: [ app_init ] --END-- [ RunTime:0.000054s ]
INFO: [ app_begin ] --START--
INFO: Run Behavior\ReadHtmlCacheBehavior [ RunTime:0.000368s ]
INFO: [ app_begin ] --END-- [ RunTime:0.000419s ]
INFO: [ view_parse ] --START--
INFO: [ template_filter ] --START--
INFO: Run Behavior\ContentReplaceBehavior [ RunTime:0.000027s ]
INFO: [ template_filter ] --END-- [ RunTime:0.000072s ]
NOTIC: [8] Undefined index: bxnr /Users/duzexuan/www/report/APP/Home/Common/function.php 第 4 行.
NOTIC: [8] Undefined index: rzm /Users/duzexuan/www/report/APP/Home/Common/function.php 第 13 行.
NOTIC: [8] Undefined index: wxdjh /Users/duzexuan/www/report/APP/Home/Common/function.php 第 13 行.
NOTIC: [8] Undefined index: hfmyd /Users/duzexuan/www/report/APP/Home/Common/function.php 第 13 行.
NOTIC: [8] Undefined index: hfjy /Users/duzexuan/www/report/APP/Home/Common/function.php 第 13 行.
NOTIC: [8] Undefined index: rzm /Users/duzexuan/www/report/APP/Home/Common/function.php 第 14 行.
NOTIC: [8] Undefined index: xm /Users/duzexuan/www/report/APP/Home/Common/function.php 第 14 行.
NOTIC: [8] Undefined index: ip /Users/duzexuan/www/report/APP/Home/Common/function.php 第 14 行.
NOTIC: [8] Undefined index: bt /Users/duzexuan/www/report/APP/Home/Common/function.php 第 14 行.
NOTIC: [8] Undefined index: fwxmh /Users/duzexuan/www/report/APP/Home/Common/function.php 第 14 行.
NOTIC: [8] Undefined index: bxdh /Users/duzexuan/www/report/APP/Home/Common/function.php 第 14 行.
NOTIC: [8] Undefined index: fwqyh /Users/duzexuan/www/report/APP/Home/Common/function.php 第 14 行.
NOTIC: [8] Undefined index: bxdd /Users/duzexuan/www/report/APP/Home/Common/function.php 第 14 行.
NOTIC: [8] Undefined index: bxnr /Users/duzexuan/www/report/APP/Home/Common/function.php 第 14 行.
INFO: Run Behavior\ParseTemplateBehavior [ RunTime:0.100438s ]
INFO: [ view_parse ] --END-- [ RunTime:0.100511s ]
INFO: [ view_filter ] --START--
INFO: Run Behavior\WriteHtmlCacheBehavior [ RunTime:0.000307s ]
INFO: [ view_filter ] --END-- [ RunTime:0.000349s ]
INFO: [ app_end ] --START--
INFO: Run Behavior\ShowPageTraceBehavior [ RunTime:0.000625s ]
INFO: [ app_end ] --END-- [ RunTime:0.000673s ]

[ 2015-09-29T18:07:22+08:00 ] ::1 /report/
INFO: [ app_init ] --START--
INFO: Run Behavior\BuildLiteBehavior [ RunTime:0.000008s ]
INFO: [ app_init ] --END-- [ RunTime:0.000058s ]
INFO: [ app_begin ] --START--
INFO: Run Behavior\ReadHtmlCacheBehavior [ RunTime:0.000323s ]
INFO: [ app_begin ] --END-- [ RunTime:0.000371s ]
INFO: [ view_parse ] --START--
INFO: [ template_filter ] --START--
INFO: Run Behavior\ContentReplaceBehavior [ RunTime:0.000019s ]
INFO: [ template_filter ] --END-- [ RunTime:0.000056s ]
NOTIC: [8] Undefined index: bxnr /Users/duzexuan/www/report/APP/Home/Common/function.php 第 4 行.
NOTIC: [8] Undefined index: rzm /Users/duzexuan/www/report/APP/Home/Common/function.php 第 13 行.
NOTIC: [8] Undefined index: wxdjh /Users/duzexuan/www/report/APP/Home/Common/function.php 第 13 行.
NOTIC: [8] Undefined index: hfmyd /Users/duzexuan/www/report/APP/Home/Common/function.php 第 13 行.
NOTIC: [8] Undefined index: hfjy /Users/duzexuan/www/report/APP/Home/Common/function.php 第 13 行.
NOTIC: [8] Undefined index: rzm /Users/duzexuan/www/report/APP/Home/Common/function.php 第 14 行.
NOTIC: [8] Undefined index: xm /Users/duzexuan/www/report/APP/Home/Common/function.php 第 14 行.
NOTIC: [8] Undefined index: ip /Users/duzexuan/www/report/APP/Home/Common/function.php 第 14 行.
NOTIC: [8] Undefined index: bt /Users/duzexuan/www/report/APP/Home/Common/function.php 第 14 行.
NOTIC: [8] Undefined index: fwxmh /Users/duzexuan/www/report/APP/Home/Common/function.php 第 14 行.
NOTIC: [8] Undefined index: bxdh /Users/duzexuan/www/report/APP/Home/Common/function.php 第 14 行.
NOTIC: [8] Undefined index: fwqyh /Users/duzexuan/www/report/APP/Home/Common/function.php 第 14 行.
NOTIC: [8] Undefined index: bxdd /Users/duzexuan/www/report/APP/Home/Common/function.php 第 14 行.
NOTIC: [8] Undefined index: bxnr /Users/duzexuan/www/report/APP/Home/Common/function.php 第 14 行.
INFO: Run Behavior\ParseTemplateBehavior [ RunTime:0.099367s ]
INFO: [ view_parse ] --END-- [ RunTime:0.099436s ]
INFO: [ view_filter ] --START--
INFO: Run Behavior\WriteHtmlCacheBehavior [ RunTime:0.000253s ]
INFO: [ view_filter ] --END-- [ RunTime:0.000295s ]
INFO: [ app_end ] --START--
INFO: Run Behavior\ShowPageTraceBehavior [ RunTime:0.000621s ]
INFO: [ app_end ] --END-- [ RunTime:0.000670s ]

[ 2015-09-29T18:08:13+08:00 ] ::1 /report/
INFO: [ app_init ] --START--
INFO: Run Behavior\BuildLiteBehavior [ RunTime:0.000007s ]
INFO: [ app_init ] --END-- [ RunTime:0.000037s ]
INFO: [ app_begin ] --START--
INFO: Run Behavior\ReadHtmlCacheBehavior [ RunTime:0.000238s ]
INFO: [ app_begin ] --END-- [ RunTime:0.000268s ]
INFO: [ view_parse ] --START--
INFO: [ template_filter ] --START--
INFO: Run Behavior\ContentReplaceBehavior [ RunTime:0.000026s ]
INFO: [ template_filter ] --END-- [ RunTime:0.000066s ]
NOTIC: [8] Undefined index: id /Users/duzexuan/www/report/APP/Home/Common/function.php 第 6 行.
NOTIC: [8] Undefined index: appId /Users/duzexuan/www/report/APP/Home/Common/function.php 第 6 行.
NOTIC: [8] Undefined index: id /Users/duzexuan/www/report/APP/Home/Common/function.php 第 8 行.
NOTIC: [8] Undefined index: wxdjh /Users/duzexuan/www/report/APP/Home/Common/function.php 第 12 行.
NOTIC: [8] Undefined index: hfmyd /Users/duzexuan/www/report/APP/Home/Common/function.php 第 12 行.
NOTIC: [8] Undefined index: hfjy /Users/duzexuan/www/report/APP/Home/Common/function.php 第 12 行.
INFO: Run Behavior\ParseTemplateBehavior [ RunTime:0.101169s ]
INFO: [ view_parse ] --END-- [ RunTime:0.101228s ]
INFO: [ view_filter ] --START--
INFO: Run Behavior\WriteHtmlCacheBehavior [ RunTime:0.000233s ]
INFO: [ view_filter ] --END-- [ RunTime:0.000272s ]
INFO: [ app_end ] --START--
INFO: Run Behavior\ShowPageTraceBehavior [ RunTime:0.000570s ]
INFO: [ app_end ] --END-- [ RunTime:0.000670s ]

