[ 2015-10-09T13:12:32+08:00 ] ::1 /report/
INFO: [ app_init ] --START--
INFO: Run Behavior\BuildLiteBehavior [ RunTime:0.000024s ]
INFO: [ app_init ] --END-- [ RunTime:0.000594s ]
INFO: [ app_begin ] --START--
INFO: Run Behavior\ReadHtmlCacheBehavior [ RunTime:0.000813s ]
INFO: [ app_begin ] --END-- [ RunTime:0.000915s ]
NOTIC: [8] Undefined index: xm /Users/duzexuan/www/report/APP/Home/Common/function.php 第 13 行.
NOTIC: [8] Undefined index: ip /Users/duzexuan/www/report/APP/Home/Common/function.php 第 13 行.
NOTIC: [8] Undefined index: bt /Users/duzexuan/www/report/APP/Home/Common/function.php 第 13 行.
NOTIC: [8] Undefined index: fwxmh /Users/duzexuan/www/report/APP/Home/Common/function.php 第 13 行.
NOTIC: [8] Undefined index: bxdh /Users/duzexuan/www/report/APP/Home/Common/function.php 第 13 行.
NOTIC: [8] Undefined index: fwqyh /Users/duzexuan/www/report/APP/Home/Common/function.php 第 13 行.
NOTIC: [8] Undefined index: bxdd /Users/duzexuan/www/report/APP/Home/Common/function.php 第 13 行.
NOTIC: [8] Undefined index: bxnr /Users/duzexuan/www/report/APP/Home/Common/function.php 第 13 行.
SQL: SHOW COLUMNS FROM `wx_globle` [ RunTime:0.0109s ]
NOTIC: [2] Illegal string offset '#text' /Users/duzexuan/www/report/APP/Home/Model/GlobleModel.class.php 第 7 行.
NOTIC: [8] Uninitialized string offset: 0 /Users/duzexuan/www/report/APP/Home/Model/GlobleModel.class.php 第 7 行.
NOTIC: [2] Illegal string offset '#text' /Users/duzexuan/www/report/APP/Home/Model/GlobleModel.class.php 第 7 行.
NOTIC: [8] Uninitialized string offset: 0 /Users/duzexuan/www/report/APP/Home/Model/GlobleModel.class.php 第 7 行.
NOTIC: [2] Illegal string offset '#text' /Users/duzexuan/www/report/APP/Home/Model/GlobleModel.class.php 第 7 行.
NOTIC: [8] Uninitialized string offset: 0 /Users/duzexuan/www/report/APP/Home/Model/GlobleModel.class.php 第 7 行.
NOTIC: [2] Illegal string offset '#text' /Users/duzexuan/www/report/APP/Home/Model/GlobleModel.class.php 第 7 行.
NOTIC: [8] Uninitialized string offset: 0 /Users/duzexuan/www/report/APP/Home/Model/GlobleModel.class.php 第 7 行.
NOTIC: [2] Illegal string offset '#text' /Users/duzexuan/www/report/APP/Home/Model/GlobleModel.class.php 第 7 行.
NOTIC: [8] Uninitialized string offset: 0 /Users/duzexuan/www/report/APP/Home/Model/GlobleModel.class.php 第 7 行.
NOTIC: [2] Illegal string offset '#text' /Users/duzexuan/www/report/APP/Home/Model/GlobleModel.class.php 第 7 行.
NOTIC: [8] Uninitialized string offset: 0 /Users/duzexuan/www/report/APP/Home/Model/GlobleModel.class.php 第 7 行.
SQL: SHOW COLUMNS FROM `wx_globle` [ RunTime:0.0020s ]
SQL: INSERT INTO `wx_globle` (`wx_djh`,`wx_bt`,`wx_bxlxh`,`wx_bxlxm`,`wx_bxrrzm`,`wx_bxr`,`wx_bxsj`,`wx_bxdh`,`wx_fwqyh`,`wx_bxdd`,`wx_bxnr`,`wx_slr`,`wx_shr`,`wx_cxr`,`wx_ysfz`,`wx_ysqk`,`wx_hfr`,`wx_hfmyd`,`wx_hfjy`,`wx_fwqym`,`wx_wxztm`,`wx_wxgm`,`wx_cxbmm`,`xysj`,`wx_wxdh`,`wx_bxip`,`wx_sfkhf`) VALUES ('a66222d0-f5ba-4fe5-86d4-a3cd01815db4','停水','0102','水管','1635841                             ','刘晨凌','2014-10-23 23:41:18','10086','e51e1aae-8aa3-4546-aaab-a18d013873b0','123','<p>停水</p>','李开宇','李开宇','','0','','','','','学生公寓区','已受理','','物业管理中心','10-20分钟响应','Y2014102323-010380','202.202.43.205','否') [ RunTime:0.0077s ]

[ 2015-10-09T13:15:35+08:00 ] ::1 /report/
INFO: [ app_init ] --START--
INFO: Run Behavior\BuildLiteBehavior [ RunTime:0.000011s ]
INFO: [ app_init ] --END-- [ RunTime:0.000073s ]
INFO: [ app_begin ] --START--
INFO: Run Behavior\ReadHtmlCacheBehavior [ RunTime:0.000625s ]
INFO: [ app_begin ] --END-- [ RunTime:0.000728s ]
NOTIC: [8] Undefined index: xm /Users/duzexuan/www/report/APP/Home/Common/function.php 第 13 行.
NOTIC: [8] Undefined index: ip /Users/duzexuan/www/report/APP/Home/Common/function.php 第 13 行.
NOTIC: [8] Undefined index: bt /Users/duzexuan/www/report/APP/Home/Common/function.php 第 13 行.
NOTIC: [8] Undefined index: fwxmh /Users/duzexuan/www/report/APP/Home/Common/function.php 第 13 行.
NOTIC: [8] Undefined index: bxdh /Users/duzexuan/www/report/APP/Home/Common/function.php 第 13 行.
NOTIC: [8] Undefined index: fwqyh /Users/duzexuan/www/report/APP/Home/Common/function.php 第 13 行.
NOTIC: [8] Undefined index: bxdd /Users/duzexuan/www/report/APP/Home/Common/function.php 第 13 行.
NOTIC: [8] Undefined index: bxnr /Users/duzexuan/www/report/APP/Home/Common/function.php 第 13 行.
SQL: SHOW COLUMNS FROM `wx_globle` [ RunTime:0.0024s ]
NOTIC: [2] Illegal string offset '#text' /Users/duzexuan/www/report/APP/Home/Model/GlobleModel.class.php 第 7 行.
NOTIC: [8] Uninitialized string offset: 0 /Users/duzexuan/www/report/APP/Home/Model/GlobleModel.class.php 第 7 行.
NOTIC: [2] Illegal string offset '#text' /Users/duzexuan/www/report/APP/Home/Model/GlobleModel.class.php 第 7 行.
NOTIC: [8] Uninitialized string offset: 0 /Users/duzexuan/www/report/APP/Home/Model/GlobleModel.class.php 第 7 行.
NOTIC: [2] Illegal string offset '#text' /Users/duzexuan/www/report/APP/Home/Model/GlobleModel.class.php 第 7 行.
NOTIC: [8] Uninitialized string offset: 0 /Users/duzexuan/www/report/APP/Home/Model/GlobleModel.class.php 第 7 行.
NOTIC: [2] Illegal string offset '#text' /Users/duzexuan/www/report/APP/Home/Model/GlobleModel.class.php 第 7 行.
NOTIC: [8] Uninitialized string offset: 0 /Users/duzexuan/www/report/APP/Home/Model/GlobleModel.class.php 第 7 行.
NOTIC: [2] Illegal string offset '#text' /Users/duzexuan/www/report/APP/Home/Model/GlobleModel.class.php 第 7 行.
NOTIC: [8] Uninitialized string offset: 0 /Users/duzexuan/www/report/APP/Home/Model/GlobleModel.class.php 第 7 行.
NOTIC: [2] Illegal string offset '#text' /Users/duzexuan/www/report/APP/Home/Model/GlobleModel.class.php 第 7 行.
NOTIC: [8] Uninitialized string offset: 0 /Users/duzexuan/www/report/APP/Home/Model/GlobleModel.class.php 第 7 行.
SQL: SHOW COLUMNS FROM `wx_globle` [ RunTime:0.0091s ]
SQL: INSERT INTO `wx_globle` (`wx_djh`,`wx_bt`,`wx_bxlxh`,`wx_bxlxm`,`wx_bxrrzm`,`wx_bxr`,`wx_bxsj`,`wx_bxdh`,`wx_fwqyh`,`wx_bxdd`,`wx_bxnr`,`wx_slr`,`wx_shr`,`wx_cxr`,`wx_ysfz`,`wx_ysqk`,`wx_hfr`,`wx_hfmyd`,`wx_hfjy`,`wx_fwqym`,`wx_wxztm`,`wx_wxgm`,`wx_cxbmm`,`xysj`,`wx_wxdh`,`wx_bxip`,`wx_sfkhf`) VALUES ('a66222d0-f5ba-4fe5-86d4-a3cd01815db4','停水','0102','水管','1635841                             ','刘晨凌','2014-10-23 23:41:18','10086','e51e1aae-8aa3-4546-aaab-a18d013873b0','123','<p>停水</p>','李开宇','李开宇','','0','','','','','学生公寓区','已受理','','物业管理中心','10-20分钟响应','Y2014102323-010380','202.202.43.205','否') [ RunTime:0.0014s ]

[ 2015-10-09T13:16:01+08:00 ] ::1 /report/
INFO: [ app_init ] --START--
INFO: Run Behavior\BuildLiteBehavior [ RunTime:0.000011s ]
INFO: [ app_init ] --END-- [ RunTime:0.000071s ]
INFO: [ app_begin ] --START--
INFO: Run Behavior\ReadHtmlCacheBehavior [ RunTime:0.000804s ]
INFO: [ app_begin ] --END-- [ RunTime:0.000897s ]
NOTIC: [8] Undefined index: xm /Users/duzexuan/www/report/APP/Home/Common/function.php 第 13 行.
NOTIC: [8] Undefined index: ip /Users/duzexuan/www/report/APP/Home/Common/function.php 第 13 行.
NOTIC: [8] Undefined index: bt /Users/duzexuan/www/report/APP/Home/Common/function.php 第 13 行.
NOTIC: [8] Undefined index: fwxmh /Users/duzexuan/www/report/APP/Home/Common/function.php 第 13 行.
NOTIC: [8] Undefined index: bxdh /Users/duzexuan/www/report/APP/Home/Common/function.php 第 13 行.
NOTIC: [8] Undefined index: fwqyh /Users/duzexuan/www/report/APP/Home/Common/function.php 第 13 行.
NOTIC: [8] Undefined index: bxdd /Users/duzexuan/www/report/APP/Home/Common/function.php 第 13 行.
NOTIC: [8] Undefined index: bxnr /Users/duzexuan/www/report/APP/Home/Common/function.php 第 13 行.
SQL: SHOW COLUMNS FROM `wx_globle` [ RunTime:0.0026s ]
NOTIC: [2] Illegal string offset '#text' /Users/duzexuan/www/report/APP/Home/Model/GlobleModel.class.php 第 7 行.
NOTIC: [8] Uninitialized string offset: 0 /Users/duzexuan/www/report/APP/Home/Model/GlobleModel.class.php 第 7 行.
NOTIC: [2] Illegal string offset '#text' /Users/duzexuan/www/report/APP/Home/Model/GlobleModel.class.php 第 7 行.
NOTIC: [8] Uninitialized string offset: 0 /Users/duzexuan/www/report/APP/Home/Model/GlobleModel.class.php 第 7 行.
NOTIC: [2] Illegal string offset '#text' /Users/duzexuan/www/report/APP/Home/Model/GlobleModel.class.php 第 7 行.
NOTIC: [8] Uninitialized string offset: 0 /Users/duzexuan/www/report/APP/Home/Model/GlobleModel.class.php 第 7 行.
NOTIC: [2] Illegal string offset '#text' /Users/duzexuan/www/report/APP/Home/Model/GlobleModel.class.php 第 7 行.
NOTIC: [8] Uninitialized string offset: 0 /Users/duzexuan/www/report/APP/Home/Model/GlobleModel.class.php 第 7 行.
NOTIC: [2] Illegal string offset '#text' /Users/duzexuan/www/report/APP/Home/Model/GlobleModel.class.php 第 7 行.
NOTIC: [8] Uninitialized string offset: 0 /Users/duzexuan/www/report/APP/Home/Model/GlobleModel.class.php 第 7 行.
NOTIC: [2] Illegal string offset '#text' /Users/duzexuan/www/report/APP/Home/Model/GlobleModel.class.php 第 7 行.
NOTIC: [8] Uninitialized string offset: 0 /Users/duzexuan/www/report/APP/Home/Model/GlobleModel.class.php 第 7 行.
SQL: SHOW COLUMNS FROM `wx_globle` [ RunTime:0.0016s ]
SQL: INSERT INTO `wx_globle` (`wx_djh`,`wx_bt`,`wx_bxlxh`,`wx_bxlxm`,`wx_bxrrzm`,`wx_bxr`,`wx_bxsj`,`wx_bxdh`,`wx_fwqyh`,`wx_bxdd`,`wx_bxnr`,`wx_slr`,`wx_shr`,`wx_cxr`,`wx_ysfz`,`wx_ysqk`,`wx_hfr`,`wx_hfmyd`,`wx_hfjy`,`wx_fwqym`,`wx_wxztm`,`wx_wxgm`,`wx_cxbmm`,`xysj`,`wx_wxdh`,`wx_bxip`,`wx_sfkhf`) VALUES ('a66222d0-f5ba-4fe5-86d4-a3cd01815db4','停水','0102','水管','1635841                             ','刘晨凌','2014-10-23 23:41:18','10086','e51e1aae-8aa3-4546-aaab-a18d013873b0','123','<p>停水</p>','李开宇','李开宇','','0','','','','','学生公寓区','已受理','','物业管理中心','10-20分钟响应','Y2014102323-010380','202.202.43.205','否') [ RunTime:0.0015s ]

[ 2015-10-09T13:16:17+08:00 ] ::1 /report/
INFO: [ app_init ] --START--
INFO: Run Behavior\BuildLiteBehavior [ RunTime:0.000022s ]
INFO: [ app_init ] --END-- [ RunTime:0.000169s ]
INFO: [ app_begin ] --START--
INFO: Run Behavior\ReadHtmlCacheBehavior [ RunTime:0.000452s ]
INFO: [ app_begin ] --END-- [ RunTime:0.000519s ]
NOTIC: [8] Undefined index: xm /Users/duzexuan/www/report/APP/Home/Common/function.php 第 13 行.
NOTIC: [8] Undefined index: ip /Users/duzexuan/www/report/APP/Home/Common/function.php 第 13 行.
NOTIC: [8] Undefined index: bt /Users/duzexuan/www/report/APP/Home/Common/function.php 第 13 行.
NOTIC: [8] Undefined index: fwxmh /Users/duzexuan/www/report/APP/Home/Common/function.php 第 13 行.
NOTIC: [8] Undefined index: bxdh /Users/duzexuan/www/report/APP/Home/Common/function.php 第 13 行.
NOTIC: [8] Undefined index: fwqyh /Users/duzexuan/www/report/APP/Home/Common/function.php 第 13 行.
NOTIC: [8] Undefined index: bxdd /Users/duzexuan/www/report/APP/Home/Common/function.php 第 13 行.
NOTIC: [8] Undefined index: bxnr /Users/duzexuan/www/report/APP/Home/Common/function.php 第 13 行.
SQL: SHOW COLUMNS FROM `wx_globle` [ RunTime:0.0027s ]
NOTIC: [2] Illegal string offset '#text' /Users/duzexuan/www/report/APP/Home/Model/GlobleModel.class.php 第 7 行.
NOTIC: [8] Uninitialized string offset: 0 /Users/duzexuan/www/report/APP/Home/Model/GlobleModel.class.php 第 7 行.
NOTIC: [2] Illegal string offset '#text' /Users/duzexuan/www/report/APP/Home/Model/GlobleModel.class.php 第 7 行.
NOTIC: [8] Uninitialized string offset: 0 /Users/duzexuan/www/report/APP/Home/Model/GlobleModel.class.php 第 7 行.
NOTIC: [2] Illegal string offset '#text' /Users/duzexuan/www/report/APP/Home/Model/GlobleModel.class.php 第 7 行.
NOTIC: [8] Uninitialized string offset: 0 /Users/duzexuan/www/report/APP/Home/Model/GlobleModel.class.php 第 7 行.
NOTIC: [2] Illegal string offset '#text' /Users/duzexuan/www/report/APP/Home/Model/GlobleModel.class.php 第 7 行.
NOTIC: [8] Uninitialized string offset: 0 /Users/duzexuan/www/report/APP/Home/Model/GlobleModel.class.php 第 7 行.
NOTIC: [2] Illegal string offset '#text' /Users/duzexuan/www/report/APP/Home/Model/GlobleModel.class.php 第 7 行.
NOTIC: [8] Uninitialized string offset: 0 /Users/duzexuan/www/report/APP/Home/Model/GlobleModel.class.php 第 7 行.
NOTIC: [2] Illegal string offset '#text' /Users/duzexuan/www/report/APP/Home/Model/GlobleModel.class.php 第 7 行.
NOTIC: [8] Uninitialized string offset: 0 /Users/duzexuan/www/report/APP/Home/Model/GlobleModel.class.php 第 7 行.
SQL: SHOW COLUMNS FROM `wx_globle` [ RunTime:0.0022s ]
SQL: INSERT INTO `wx_globle` (`wx_djh`,`wx_bt`,`wx_bxlxh`,`wx_bxlxm`,`wx_bxrrzm`,`wx_bxr`,`wx_bxsj`,`wx_bxdh`,`wx_fwqyh`,`wx_bxdd`,`wx_bxnr`,`wx_slr`,`wx_shr`,`wx_cxr`,`wx_ysfz`,`wx_ysqk`,`wx_hfr`,`wx_hfmyd`,`wx_hfjy`,`wx_fwqym`,`wx_wxztm`,`wx_wxgm`,`wx_cxbmm`,`xysj`,`wx_wxdh`,`wx_bxip`,`wx_sfkhf`) VALUES ('a66222d0-f5ba-4fe5-86d4-a3cd01815db4','停水','0102','水管','1635841                             ','刘晨凌','2014-10-23 23:41:18','10086','e51e1aae-8aa3-4546-aaab-a18d013873b0','123','<p>停水</p>','李开宇','李开宇','','0','','','','','学生公寓区','已受理','','物业管理中心','10-20分钟响应','Y2014102323-010380','202.202.43.205','否') [ RunTime:0.0013s ]

[ 2015-10-09T13:22:50+08:00 ] ::1 /report/
INFO: [ app_init ] --START--
INFO: Run Behavior\BuildLiteBehavior [ RunTime:0.000010s ]
INFO: [ app_init ] --END-- [ RunTime:0.000056s ]
INFO: [ app_begin ] --START--
INFO: Run Behavior\ReadHtmlCacheBehavior [ RunTime:0.000374s ]
INFO: [ app_begin ] --END-- [ RunTime:0.000414s ]
NOTIC: [8] Undefined index: xm /Users/duzexuan/www/report/APP/Home/Common/function.php 第 13 行.
NOTIC: [8] Undefined index: ip /Users/duzexuan/www/report/APP/Home/Common/function.php 第 13 行.
NOTIC: [8] Undefined index: bt /Users/duzexuan/www/report/APP/Home/Common/function.php 第 13 行.
NOTIC: [8] Undefined index: fwxmh /Users/duzexuan/www/report/APP/Home/Common/function.php 第 13 行.
NOTIC: [8] Undefined index: bxdh /Users/duzexuan/www/report/APP/Home/Common/function.php 第 13 行.
NOTIC: [8] Undefined index: fwqyh /Users/duzexuan/www/report/APP/Home/Common/function.php 第 13 行.
NOTIC: [8] Undefined index: bxdd /Users/duzexuan/www/report/APP/Home/Common/function.php 第 13 行.
NOTIC: [8] Undefined index: bxnr /Users/duzexuan/www/report/APP/Home/Common/function.php 第 13 行.
SQL: SHOW COLUMNS FROM `wx_globle` [ RunTime:0.0018s ]
NOTIC: [2] Illegal string offset '#text' /Users/duzexuan/www/report/APP/Home/Model/GlobleModel.class.php 第 7 行.
NOTIC: [8] Uninitialized string offset: 0 /Users/duzexuan/www/report/APP/Home/Model/GlobleModel.class.php 第 7 行.
NOTIC: [2] Illegal string offset '#text' /Users/duzexuan/www/report/APP/Home/Model/GlobleModel.class.php 第 7 行.
NOTIC: [8] Uninitialized string offset: 0 /Users/duzexuan/www/report/APP/Home/Model/GlobleModel.class.php 第 7 行.
NOTIC: [2] Illegal string offset '#text' /Users/duzexuan/www/report/APP/Home/Model/GlobleModel.class.php 第 7 行.
NOTIC: [8] Uninitialized string offset: 0 /Users/duzexuan/www/report/APP/Home/Model/GlobleModel.class.php 第 7 行.
NOTIC: [2] Illegal string offset '#text' /Users/duzexuan/www/report/APP/Home/Model/GlobleModel.class.php 第 7 行.
NOTIC: [8] Uninitialized string offset: 0 /Users/duzexuan/www/report/APP/Home/Model/GlobleModel.class.php 第 7 行.
NOTIC: [2] Illegal string offset '#text' /Users/duzexuan/www/report/APP/Home/Model/GlobleModel.class.php 第 7 行.
NOTIC: [8] Uninitialized string offset: 0 /Users/duzexuan/www/report/APP/Home/Model/GlobleModel.class.php 第 7 行.
NOTIC: [2] Illegal string offset '#text' /Users/duzexuan/www/report/APP/Home/Model/GlobleModel.class.php 第 7 行.
NOTIC: [8] Uninitialized string offset: 0 /Users/duzexuan/www/report/APP/Home/Model/GlobleModel.class.php 第 7 行.
SQL: SHOW COLUMNS FROM `wx_globle` [ RunTime:0.0035s ]
SQL: SELECT * FROM `wx_globle` WHERE `wx_djh` = 'a66222d0-f5ba-4fe5-86d4-a3cd01815db4'  [ RunTime:0.0008s ]
NOTIC: [2] Illegal offset type in isset or empty /Users/duzexuan/www/report/ThinkPHP/Library/Think/Model.class.php 第 511 行.
SQL: DELETE FROM `wx_globle` WHERE `wx_djh` = 'a66222d0-f5ba-4fe5-86d4-a3cd01815db4' [ RunTime:0.0012s ]
SQL: INSERT INTO `wx_globle` (`wx_djh`,`wx_bt`,`wx_bxlxh`,`wx_bxlxm`,`wx_bxrrzm`,`wx_bxr`,`wx_bxsj`,`wx_bxdh`,`wx_fwqyh`,`wx_bxdd`,`wx_bxnr`,`wx_slr`,`wx_shr`,`wx_cxr`,`wx_ysfz`,`wx_ysqk`,`wx_hfr`,`wx_hfmyd`,`wx_hfjy`,`wx_fwqym`,`wx_wxztm`,`wx_wxgm`,`wx_cxbmm`,`xysj`,`wx_wxdh`,`wx_bxip`,`wx_sfkhf`) VALUES ('a66222d0-f5ba-4fe5-86d4-a3cd01815db4','停水','0102','水管','1635841                             ','刘晨凌','2014-10-23 23:41:18','10086','e51e1aae-8aa3-4546-aaab-a18d013873b0','123','<p>停水</p>','李开宇','李开宇','','0','','','','','学生公寓区','已受理','','物业管理中心','10-20分钟响应','Y2014102323-010380','202.202.43.205','否') [ RunTime:0.0003s ]

[ 2015-10-09T13:22:58+08:00 ] ::1 /report/
INFO: [ app_init ] --START--
INFO: Run Behavior\BuildLiteBehavior [ RunTime:0.000019s ]
INFO: [ app_init ] --END-- [ RunTime:0.000123s ]
INFO: [ app_begin ] --START--
INFO: Run Behavior\ReadHtmlCacheBehavior [ RunTime:0.000421s ]
INFO: [ app_begin ] --END-- [ RunTime:0.000495s ]
NOTIC: [8] Undefined index: xm /Users/duzexuan/www/report/APP/Home/Common/function.php 第 13 行.
NOTIC: [8] Undefined index: ip /Users/duzexuan/www/report/APP/Home/Common/function.php 第 13 行.
NOTIC: [8] Undefined index: bt /Users/duzexuan/www/report/APP/Home/Common/function.php 第 13 行.
NOTIC: [8] Undefined index: fwxmh /Users/duzexuan/www/report/APP/Home/Common/function.php 第 13 行.
NOTIC: [8] Undefined index: bxdh /Users/duzexuan/www/report/APP/Home/Common/function.php 第 13 行.
NOTIC: [8] Undefined index: fwqyh /Users/duzexuan/www/report/APP/Home/Common/function.php 第 13 行.
NOTIC: [8] Undefined index: bxdd /Users/duzexuan/www/report/APP/Home/Common/function.php 第 13 行.
NOTIC: [8] Undefined index: bxnr /Users/duzexuan/www/report/APP/Home/Common/function.php 第 13 行.
SQL: SHOW COLUMNS FROM `wx_globle` [ RunTime:0.0022s ]
NOTIC: [2] Illegal string offset '#text' /Users/duzexuan/www/report/APP/Home/Model/GlobleModel.class.php 第 7 行.
NOTIC: [8] Uninitialized string offset: 0 /Users/duzexuan/www/report/APP/Home/Model/GlobleModel.class.php 第 7 行.
NOTIC: [2] Illegal string offset '#text' /Users/duzexuan/www/report/APP/Home/Model/GlobleModel.class.php 第 7 行.
NOTIC: [8] Uninitialized string offset: 0 /Users/duzexuan/www/report/APP/Home/Model/GlobleModel.class.php 第 7 行.
NOTIC: [2] Illegal string offset '#text' /Users/duzexuan/www/report/APP/Home/Model/GlobleModel.class.php 第 7 行.
NOTIC: [8] Uninitialized string offset: 0 /Users/duzexuan/www/report/APP/Home/Model/GlobleModel.class.php 第 7 行.
NOTIC: [2] Illegal string offset '#text' /Users/duzexuan/www/report/APP/Home/Model/GlobleModel.class.php 第 7 行.
NOTIC: [8] Uninitialized string offset: 0 /Users/duzexuan/www/report/APP/Home/Model/GlobleModel.class.php 第 7 行.
NOTIC: [2] Illegal string offset '#text' /Users/duzexuan/www/report/APP/Home/Model/GlobleModel.class.php 第 7 行.
NOTIC: [8] Uninitialized string offset: 0 /Users/duzexuan/www/report/APP/Home/Model/GlobleModel.class.php 第 7 行.
NOTIC: [2] Illegal string offset '#text' /Users/duzexuan/www/report/APP/Home/Model/GlobleModel.class.php 第 7 行.
NOTIC: [8] Uninitialized string offset: 0 /Users/duzexuan/www/report/APP/Home/Model/GlobleModel.class.php 第 7 行.
SQL: SHOW COLUMNS FROM `wx_globle` [ RunTime:0.0028s ]
SQL: SELECT * FROM `wx_globle` WHERE `wx_djh` = 'a66222d0-f5ba-4fe5-86d4-a3cd01815db4'  [ RunTime:0.0003s ]
NOTIC: [2] Illegal offset type in isset or empty /Users/duzexuan/www/report/ThinkPHP/Library/Think/Model.class.php 第 511 行.
SQL: DELETE FROM `wx_globle` WHERE `wx_djh` = 'a66222d0-f5ba-4fe5-86d4-a3cd01815db4' [ RunTime:0.0014s ]
SQL: INSERT INTO `wx_globle` (`wx_djh`,`wx_bt`,`wx_bxlxh`,`wx_bxlxm`,`wx_bxrrzm`,`wx_bxr`,`wx_bxsj`,`wx_bxdh`,`wx_fwqyh`,`wx_bxdd`,`wx_bxnr`,`wx_slr`,`wx_shr`,`wx_cxr`,`wx_ysfz`,`wx_ysqk`,`wx_hfr`,`wx_hfmyd`,`wx_hfjy`,`wx_fwqym`,`wx_wxztm`,`wx_wxgm`,`wx_cxbmm`,`xysj`,`wx_wxdh`,`wx_bxip`,`wx_sfkhf`) VALUES ('a66222d0-f5ba-4fe5-86d4-a3cd01815db4','停水','0102','水管','1635841                             ','刘晨凌','2014-10-23 23:41:18','10086','e51e1aae-8aa3-4546-aaab-a18d013873b0','123','<p>停水</p>','李开宇','李开宇','','0','','','','','学生公寓区','已受理','','物业管理中心','10-20分钟响应','Y2014102323-010380','202.202.43.205','否') [ RunTime:0.0014s ]

[ 2015-10-09T13:23:13+08:00 ] ::1 /report/
INFO: [ app_init ] --START--
INFO: Run Behavior\BuildLiteBehavior [ RunTime:0.000014s ]
INFO: [ app_init ] --END-- [ RunTime:0.000072s ]
INFO: [ app_begin ] --START--
INFO: Run Behavior\ReadHtmlCacheBehavior [ RunTime:0.000269s ]
INFO: [ app_begin ] --END-- [ RunTime:0.000306s ]
NOTIC: [8] Undefined index: xm /Users/duzexuan/www/report/APP/Home/Common/function.php 第 13 行.
NOTIC: [8] Undefined index: ip /Users/duzexuan/www/report/APP/Home/Common/function.php 第 13 行.
NOTIC: [8] Undefined index: bt /Users/duzexuan/www/report/APP/Home/Common/function.php 第 13 行.
NOTIC: [8] Undefined index: fwxmh /Users/duzexuan/www/report/APP/Home/Common/function.php 第 13 行.
NOTIC: [8] Undefined index: bxdh /Users/duzexuan/www/report/APP/Home/Common/function.php 第 13 行.
NOTIC: [8] Undefined index: fwqyh /Users/duzexuan/www/report/APP/Home/Common/function.php 第 13 行.
NOTIC: [8] Undefined index: bxdd /Users/duzexuan/www/report/APP/Home/Common/function.php 第 13 行.
NOTIC: [8] Undefined index: bxnr /Users/duzexuan/www/report/APP/Home/Common/function.php 第 13 行.
SQL: SHOW COLUMNS FROM `wx_globle` [ RunTime:0.0023s ]
NOTIC: [2] Illegal string offset '#text' /Users/duzexuan/www/report/APP/Home/Model/GlobleModel.class.php 第 7 行.
NOTIC: [8] Uninitialized string offset: 0 /Users/duzexuan/www/report/APP/Home/Model/GlobleModel.class.php 第 7 行.
NOTIC: [2] Illegal string offset '#text' /Users/duzexuan/www/report/APP/Home/Model/GlobleModel.class.php 第 7 行.
NOTIC: [8] Uninitialized string offset: 0 /Users/duzexuan/www/report/APP/Home/Model/GlobleModel.class.php 第 7 行.
NOTIC: [2] Illegal string offset '#text' /Users/duzexuan/www/report/APP/Home/Model/GlobleModel.class.php 第 7 行.
NOTIC: [8] Uninitialized string offset: 0 /Users/duzexuan/www/report/APP/Home/Model/GlobleModel.class.php 第 7 行.
NOTIC: [2] Illegal string offset '#text' /Users/duzexuan/www/report/APP/Home/Model/GlobleModel.class.php 第 7 行.
NOTIC: [8] Uninitialized string offset: 0 /Users/duzexuan/www/report/APP/Home/Model/GlobleModel.class.php 第 7 行.
NOTIC: [2] Illegal string offset '#text' /Users/duzexuan/www/report/APP/Home/Model/GlobleModel.class.php 第 7 行.
NOTIC: [8] Uninitialized string offset: 0 /Users/duzexuan/www/report/APP/Home/Model/GlobleModel.class.php 第 7 行.
NOTIC: [2] Illegal string offset '#text' /Users/duzexuan/www/report/APP/Home/Model/GlobleModel.class.php 第 7 行.
NOTIC: [8] Uninitialized string offset: 0 /Users/duzexuan/www/report/APP/Home/Model/GlobleModel.class.php 第 7 行.
SQL: SHOW COLUMNS FROM `wx_globle` [ RunTime:0.0036s ]
SQL: SELECT * FROM `wx_globle` WHERE `wx_djh` = 'a66222d0-f5ba-4fe5-86d4-a3cd01815db4'  [ RunTime:0.0003s ]
SQL: INSERT INTO `wx_globle` (`wx_djh`,`wx_bt`,`wx_bxlxh`,`wx_bxlxm`,`wx_bxrrzm`,`wx_bxr`,`wx_bxsj`,`wx_bxdh`,`wx_fwqyh`,`wx_bxdd`,`wx_bxnr`,`wx_slr`,`wx_shr`,`wx_cxr`,`wx_ysfz`,`wx_ysqk`,`wx_hfr`,`wx_hfmyd`,`wx_hfjy`,`wx_fwqym`,`wx_wxztm`,`wx_wxgm`,`wx_cxbmm`,`xysj`,`wx_wxdh`,`wx_bxip`,`wx_sfkhf`) VALUES ('a66222d0-f5ba-4fe5-86d4-a3cd01815db4','停水','0102','水管','1635841                             ','刘晨凌','2014-10-23 23:41:18','10086','e51e1aae-8aa3-4546-aaab-a18d013873b0','123','<p>停水</p>','李开宇','李开宇','','0','','','','','学生公寓区','已受理','','物业管理中心','10-20分钟响应','Y2014102323-010380','202.202.43.205','否') [ RunTime:0.0012s ]

[ 2015-10-09T13:26:31+08:00 ] ::1 /report/
INFO: [ app_init ] --START--
INFO: Run Behavior\BuildLiteBehavior [ RunTime:0.000012s ]
INFO: [ app_init ] --END-- [ RunTime:0.000058s ]
INFO: [ app_begin ] --START--
INFO: Run Behavior\ReadHtmlCacheBehavior [ RunTime:0.000260s ]
INFO: [ app_begin ] --END-- [ RunTime:0.000302s ]
NOTIC: [8] Undefined index: xm /Users/duzexuan/www/report/APP/Home/Common/function.php 第 13 行.
NOTIC: [8] Undefined index: ip /Users/duzexuan/www/report/APP/Home/Common/function.php 第 13 行.
NOTIC: [8] Undefined index: bt /Users/duzexuan/www/report/APP/Home/Common/function.php 第 13 行.
NOTIC: [8] Undefined index: fwxmh /Users/duzexuan/www/report/APP/Home/Common/function.php 第 13 行.
NOTIC: [8] Undefined index: bxdh /Users/duzexuan/www/report/APP/Home/Common/function.php 第 13 行.
NOTIC: [8] Undefined index: fwqyh /Users/duzexuan/www/report/APP/Home/Common/function.php 第 13 行.
NOTIC: [8] Undefined index: bxdd /Users/duzexuan/www/report/APP/Home/Common/function.php 第 13 行.
NOTIC: [8] Undefined index: bxnr /Users/duzexuan/www/report/APP/Home/Common/function.php 第 13 行.
NOTIC: [2] Illegal string offset 'RepairInfo' /Users/duzexuan/www/report/APP/Home/Common/function.php 第 90 行.
NOTIC: [8] Uninitialized string offset: 0 /Users/duzexuan/www/report/APP/Home/Common/function.php 第 90 行.

[ 2015-10-09T13:27:14+08:00 ] ::1 /report/
INFO: [ app_init ] --START--
INFO: Run Behavior\BuildLiteBehavior [ RunTime:0.000010s ]
INFO: [ app_init ] --END-- [ RunTime:0.000050s ]
INFO: [ app_begin ] --START--
INFO: Run Behavior\ReadHtmlCacheBehavior [ RunTime:0.000328s ]
INFO: [ app_begin ] --END-- [ RunTime:0.000365s ]
NOTIC: [8] Undefined index: xm /Users/duzexuan/www/report/APP/Home/Common/function.php 第 13 行.
NOTIC: [8] Undefined index: ip /Users/duzexuan/www/report/APP/Home/Common/function.php 第 13 行.
NOTIC: [8] Undefined index: bt /Users/duzexuan/www/report/APP/Home/Common/function.php 第 13 行.
NOTIC: [8] Undefined index: fwxmh /Users/duzexuan/www/report/APP/Home/Common/function.php 第 13 行.
NOTIC: [8] Undefined index: bxdh /Users/duzexuan/www/report/APP/Home/Common/function.php 第 13 行.
NOTIC: [8] Undefined index: fwqyh /Users/duzexuan/www/report/APP/Home/Common/function.php 第 13 行.
NOTIC: [8] Undefined index: bxdd /Users/duzexuan/www/report/APP/Home/Common/function.php 第 13 行.
NOTIC: [8] Undefined index: bxnr /Users/duzexuan/www/report/APP/Home/Common/function.php 第 13 行.
SQL: SHOW COLUMNS FROM `wx_globle` [ RunTime:0.0035s ]
NOTIC: [2] Illegal string offset '#text' /Users/duzexuan/www/report/APP/Home/Model/GlobleModel.class.php 第 7 行.
NOTIC: [8] Uninitialized string offset: 0 /Users/duzexuan/www/report/APP/Home/Model/GlobleModel.class.php 第 7 行.
NOTIC: [2] Illegal string offset '#text' /Users/duzexuan/www/report/APP/Home/Model/GlobleModel.class.php 第 7 行.
NOTIC: [8] Uninitialized string offset: 0 /Users/duzexuan/www/report/APP/Home/Model/GlobleModel.class.php 第 7 行.
NOTIC: [2] Illegal string offset '#text' /Users/duzexuan/www/report/APP/Home/Model/GlobleModel.class.php 第 7 行.
NOTIC: [8] Uninitialized string offset: 0 /Users/duzexuan/www/report/APP/Home/Model/GlobleModel.class.php 第 7 行.
NOTIC: [2] Illegal string offset '#text' /Users/duzexuan/www/report/APP/Home/Model/GlobleModel.class.php 第 7 行.
NOTIC: [8] Uninitialized string offset: 0 /Users/duzexuan/www/report/APP/Home/Model/GlobleModel.class.php 第 7 行.
NOTIC: [2] Illegal string offset '#text' /Users/duzexuan/www/report/APP/Home/Model/GlobleModel.class.php 第 7 行.
NOTIC: [8] Uninitialized string offset: 0 /Users/duzexuan/www/report/APP/Home/Model/GlobleModel.class.php 第 7 行.
NOTIC: [2] Illegal string offset '#text' /Users/duzexuan/www/report/APP/Home/Model/GlobleModel.class.php 第 7 行.
NOTIC: [8] Uninitialized string offset: 0 /Users/duzexuan/www/report/APP/Home/Model/GlobleModel.class.php 第 7 行.
SQL: SHOW COLUMNS FROM `wx_globle` [ RunTime:0.0021s ]
SQL: SELECT * FROM `wx_globle` WHERE `wx_djh` = 'a66222d0-f5ba-4fe5-86d4-a3cd01815db4'  [ RunTime:0.0004s ]
NOTIC: [2] Illegal offset type in isset or empty /Users/duzexuan/www/report/ThinkPHP/Library/Think/Model.class.php 第 511 行.
SQL: DELETE FROM `wx_globle` WHERE `wx_djh` = 'a66222d0-f5ba-4fe5-86d4-a3cd01815db4' [ RunTime:0.0009s ]
SQL: INSERT INTO `wx_globle` (`wx_djh`,`wx_bt`,`wx_bxlxh`,`wx_bxlxm`,`wx_bxrrzm`,`wx_bxr`,`wx_bxsj`,`wx_bxdh`,`wx_fwqyh`,`wx_bxdd`,`wx_bxnr`,`wx_slr`,`wx_shr`,`wx_cxr`,`wx_ysfz`,`wx_ysqk`,`wx_hfr`,`wx_hfmyd`,`wx_hfjy`,`wx_fwqym`,`wx_wxztm`,`wx_wxgm`,`wx_cxbmm`,`xysj`,`wx_wxdh`,`wx_bxip`,`wx_sfkhf`) VALUES ('a66222d0-f5ba-4fe5-86d4-a3cd01815db4','停水','0102','水管','1635841                             ','刘晨凌','2014-10-23 23:41:18','10086','e51e1aae-8aa3-4546-aaab-a18d013873b0','123','<p>停水</p>','李开宇','李开宇','','0','','','','','学生公寓区','已受理','','物业管理中心','10-20分钟响应','Y2014102323-010380','202.202.43.205','否') [ RunTime:0.0016s ]

[ 2015-10-09T13:27:38+08:00 ] ::1 /report/
INFO: [ app_init ] --START--
INFO: Run Behavior\BuildLiteBehavior [ RunTime:0.000007s ]
INFO: [ app_init ] --END-- [ RunTime:0.000034s ]
INFO: [ app_begin ] --START--
INFO: Run Behavior\ReadHtmlCacheBehavior [ RunTime:0.000509s ]
INFO: [ app_begin ] --END-- [ RunTime:0.000588s ]
NOTIC: [8] Undefined index: xm /Users/duzexuan/www/report/APP/Home/Common/function.php 第 13 行.
NOTIC: [8] Undefined index: ip /Users/duzexuan/www/report/APP/Home/Common/function.php 第 13 行.
NOTIC: [8] Undefined index: bt /Users/duzexuan/www/report/APP/Home/Common/function.php 第 13 行.
NOTIC: [8] Undefined index: fwxmh /Users/duzexuan/www/report/APP/Home/Common/function.php 第 13 行.
NOTIC: [8] Undefined index: bxdh /Users/duzexuan/www/report/APP/Home/Common/function.php 第 13 行.
NOTIC: [8] Undefined index: fwqyh /Users/duzexuan/www/report/APP/Home/Common/function.php 第 13 行.
NOTIC: [8] Undefined index: bxdd /Users/duzexuan/www/report/APP/Home/Common/function.php 第 13 行.
NOTIC: [8] Undefined index: bxnr /Users/duzexuan/www/report/APP/Home/Common/function.php 第 13 行.
NOTIC: [2] Illegal string offset 'RepairInfo' /Users/duzexuan/www/report/APP/Home/Common/function.php 第 90 行.
NOTIC: [8] Uninitialized string offset: 0 /Users/duzexuan/www/report/APP/Home/Common/function.php 第 90 行.

[ 2015-10-09T13:28:15+08:00 ] ::1 /report/
INFO: [ app_init ] --START--
INFO: Run Behavior\BuildLiteBehavior [ RunTime:0.000009s ]
INFO: [ app_init ] --END-- [ RunTime:0.000042s ]
INFO: [ app_begin ] --START--
INFO: Run Behavior\ReadHtmlCacheBehavior [ RunTime:0.000424s ]
INFO: [ app_begin ] --END-- [ RunTime:0.000503s ]
NOTIC: [8] Undefined index: xm /Users/duzexuan/www/report/APP/Home/Common/function.php 第 13 行.
NOTIC: [8] Undefined index: ip /Users/duzexuan/www/report/APP/Home/Common/function.php 第 13 行.
NOTIC: [8] Undefined index: bt /Users/duzexuan/www/report/APP/Home/Common/function.php 第 13 行.
NOTIC: [8] Undefined index: fwxmh /Users/duzexuan/www/report/APP/Home/Common/function.php 第 13 行.
NOTIC: [8] Undefined index: bxdh /Users/duzexuan/www/report/APP/Home/Common/function.php 第 13 行.
NOTIC: [8] Undefined index: fwqyh /Users/duzexuan/www/report/APP/Home/Common/function.php 第 13 行.
NOTIC: [8] Undefined index: bxdd /Users/duzexuan/www/report/APP/Home/Common/function.php 第 13 行.
NOTIC: [8] Undefined index: bxnr /Users/duzexuan/www/report/APP/Home/Common/function.php 第 13 行.
SQL: SHOW COLUMNS FROM `wx_globle` [ RunTime:0.0035s ]
NOTIC: [2] Illegal string offset '#text' /Users/duzexuan/www/report/APP/Home/Model/GlobleModel.class.php 第 7 行.
NOTIC: [8] Uninitialized string offset: 0 /Users/duzexuan/www/report/APP/Home/Model/GlobleModel.class.php 第 7 行.
NOTIC: [2] Illegal string offset '#text' /Users/duzexuan/www/report/APP/Home/Model/GlobleModel.class.php 第 7 行.
NOTIC: [8] Uninitialized string offset: 0 /Users/duzexuan/www/report/APP/Home/Model/GlobleModel.class.php 第 7 行.
NOTIC: [2] Illegal string offset '#text' /Users/duzexuan/www/report/APP/Home/Model/GlobleModel.class.php 第 7 行.
NOTIC: [8] Uninitialized string offset: 0 /Users/duzexuan/www/report/APP/Home/Model/GlobleModel.class.php 第 7 行.
NOTIC: [2] Illegal string offset '#text' /Users/duzexuan/www/report/APP/Home/Model/GlobleModel.class.php 第 7 行.
NOTIC: [8] Uninitialized string offset: 0 /Users/duzexuan/www/report/APP/Home/Model/GlobleModel.class.php 第 7 行.
NOTIC: [2] Illegal string offset '#text' /Users/duzexuan/www/report/APP/Home/Model/GlobleModel.class.php 第 7 行.
NOTIC: [8] Uninitialized string offset: 0 /Users/duzexuan/www/report/APP/Home/Model/GlobleModel.class.php 第 7 行.
NOTIC: [2] Illegal string offset '#text' /Users/duzexuan/www/report/APP/Home/Model/GlobleModel.class.php 第 7 行.
NOTIC: [8] Uninitialized string offset: 0 /Users/duzexuan/www/report/APP/Home/Model/GlobleModel.class.php 第 7 行.
SQL: SHOW COLUMNS FROM `wx_globle` [ RunTime:0.0021s ]
SQL: SELECT * FROM `wx_globle` WHERE `wx_djh` = 'a66222d0-f5ba-4fe5-86d4-a3cd01815db4'  [ RunTime:0.0003s ]
NOTIC: [2] Illegal offset type in isset or empty /Users/duzexuan/www/report/ThinkPHP/Library/Think/Model.class.php 第 511 行.
SQL: DELETE FROM `wx_globle` WHERE `wx_djh` = 'a66222d0-f5ba-4fe5-86d4-a3cd01815db4' [ RunTime:0.0012s ]
SQL: INSERT INTO `wx_globle` (`wx_djh`,`wx_bt`,`wx_bxlxh`,`wx_bxlxm`,`wx_bxrrzm`,`wx_bxr`,`wx_bxsj`,`wx_bxdh`,`wx_fwqyh`,`wx_bxdd`,`wx_bxnr`,`wx_slr`,`wx_shr`,`wx_cxr`,`wx_ysfz`,`wx_ysqk`,`wx_hfr`,`wx_hfmyd`,`wx_hfjy`,`wx_fwqym`,`wx_wxztm`,`wx_wxgm`,`wx_cxbmm`,`xysj`,`wx_wxdh`,`wx_bxip`,`wx_sfkhf`) VALUES ('a66222d0-f5ba-4fe5-86d4-a3cd01815db4','停水','0102','水管','1635841                             ','刘晨凌','2014-10-23 23:41:18','10086','e51e1aae-8aa3-4546-aaab-a18d013873b0','123','<p>停水</p>','李开宇','李开宇','','0','','','','','学生公寓区','已受理','','物业管理中心','10-20分钟响应','Y2014102323-010380','202.202.43.205','否') [ RunTime:0.0016s ]

[ 2015-10-09T13:30:22+08:00 ] ::1 /report/
INFO: [ app_init ] --START--
INFO: Run Behavior\BuildLiteBehavior [ RunTime:0.000007s ]
INFO: [ app_init ] --END-- [ RunTime:0.000034s ]
INFO: [ app_begin ] --START--
INFO: Run Behavior\ReadHtmlCacheBehavior [ RunTime:0.000211s ]
INFO: [ app_begin ] --END-- [ RunTime:0.000239s ]
NOTIC: [8] Undefined index: xm /Users/duzexuan/www/report/APP/Home/Common/function.php 第 13 行.
NOTIC: [8] Undefined index: ip /Users/duzexuan/www/report/APP/Home/Common/function.php 第 13 行.
NOTIC: [8] Undefined index: bt /Users/duzexuan/www/report/APP/Home/Common/function.php 第 13 行.
NOTIC: [8] Undefined index: fwxmh /Users/duzexuan/www/report/APP/Home/Common/function.php 第 13 行.
NOTIC: [8] Undefined index: bxdh /Users/duzexuan/www/report/APP/Home/Common/function.php 第 13 行.
NOTIC: [8] Undefined index: fwqyh /Users/duzexuan/www/report/APP/Home/Common/function.php 第 13 行.
NOTIC: [8] Undefined index: bxdd /Users/duzexuan/www/report/APP/Home/Common/function.php 第 13 行.
NOTIC: [8] Undefined index: bxnr /Users/duzexuan/www/report/APP/Home/Common/function.php 第 13 行.
SQL: SHOW COLUMNS FROM `wx_globle` [ RunTime:0.0022s ]
NOTIC: [2] Illegal string offset '#text' /Users/duzexuan/www/report/APP/Home/Model/GlobleModel.class.php 第 7 行.
NOTIC: [8] Uninitialized string offset: 0 /Users/duzexuan/www/report/APP/Home/Model/GlobleModel.class.php 第 7 行.
NOTIC: [2] Illegal string offset '#text' /Users/duzexuan/www/report/APP/Home/Model/GlobleModel.class.php 第 7 行.
NOTIC: [8] Uninitialized string offset: 0 /Users/duzexuan/www/report/APP/Home/Model/GlobleModel.class.php 第 7 行.
NOTIC: [2] Illegal string offset '#text' /Users/duzexuan/www/report/APP/Home/Model/GlobleModel.class.php 第 7 行.
NOTIC: [8] Uninitialized string offset: 0 /Users/duzexuan/www/report/APP/Home/Model/GlobleModel.class.php 第 7 行.
NOTIC: [2] Illegal string offset '#text' /Users/duzexuan/www/report/APP/Home/Model/GlobleModel.class.php 第 7 行.
NOTIC: [8] Uninitialized string offset: 0 /Users/duzexuan/www/report/APP/Home/Model/GlobleModel.class.php 第 7 行.
NOTIC: [2] Illegal string offset '#text' /Users/duzexuan/www/report/APP/Home/Model/GlobleModel.class.php 第 7 行.
NOTIC: [8] Uninitialized string offset: 0 /Users/duzexuan/www/report/APP/Home/Model/GlobleModel.class.php 第 7 行.
NOTIC: [2] Illegal string offset '#text' /Users/duzexuan/www/report/APP/Home/Model/GlobleModel.class.php 第 7 行.
NOTIC: [8] Uninitialized string offset: 0 /Users/duzexuan/www/report/APP/Home/Model/GlobleModel.class.php 第 7 行.
SQL: SHOW COLUMNS FROM `wx_globle` [ RunTime:0.0019s ]
SQL: SELECT * FROM `wx_globle` WHERE `wx_djh` = 'a66222d0-f5ba-4fe5-86d4-a3cd01815db4'  [ RunTime:0.0003s ]
NOTIC: [2] Illegal offset type in isset or empty /Users/duzexuan/www/report/ThinkPHP/Library/Think/Model.class.php 第 511 行.
SQL: DELETE FROM `wx_globle` WHERE `wx_djh` = 'a66222d0-f5ba-4fe5-86d4-a3cd01815db4' [ RunTime:0.0011s ]
SQL: INSERT INTO `wx_globle` (`wx_djh`,`wx_bt`,`wx_bxlxh`,`wx_bxlxm`,`wx_bxrrzm`,`wx_bxr`,`wx_bxsj`,`wx_bxdh`,`wx_fwqyh`,`wx_bxdd`,`wx_bxnr`,`wx_slr`,`wx_shr`,`wx_cxr`,`wx_ysfz`,`wx_ysqk`,`wx_hfr`,`wx_hfmyd`,`wx_hfjy`,`wx_fwqym`,`wx_wxztm`,`wx_wxgm`,`wx_cxbmm`,`xysj`,`wx_wxdh`,`wx_bxip`,`wx_sfkhf`) VALUES ('a66222d0-f5ba-4fe5-86d4-a3cd01815db4','停水','0102','水管','1635841                             ','刘晨凌','2014-10-23 23:41:18','10086','e51e1aae-8aa3-4546-aaab-a18d013873b0','123','<p>停水</p>','李开宇','李开宇','','0','','','','','学生公寓区','已受理','','物业管理中心','10-20分钟响应','Y2014102323-010380','202.202.43.205','否') [ RunTime:0.0016s ]

[ 2015-10-09T13:30:33+08:00 ] ::1 /report/
INFO: [ app_init ] --START--
INFO: Run Behavior\BuildLiteBehavior [ RunTime:0.000017s ]
INFO: [ app_init ] --END-- [ RunTime:0.000116s ]
INFO: [ app_begin ] --START--
INFO: Run Behavior\ReadHtmlCacheBehavior [ RunTime:0.000336s ]
INFO: [ app_begin ] --END-- [ RunTime:0.000391s ]
NOTIC: [8] Undefined index: xm /Users/duzexuan/www/report/APP/Home/Common/function.php 第 13 行.
NOTIC: [8] Undefined index: ip /Users/duzexuan/www/report/APP/Home/Common/function.php 第 13 行.
NOTIC: [8] Undefined index: bt /Users/duzexuan/www/report/APP/Home/Common/function.php 第 13 行.
NOTIC: [8] Undefined index: fwxmh /Users/duzexuan/www/report/APP/Home/Common/function.php 第 13 行.
NOTIC: [8] Undefined index: bxdh /Users/duzexuan/www/report/APP/Home/Common/function.php 第 13 行.
NOTIC: [8] Undefined index: fwqyh /Users/duzexuan/www/report/APP/Home/Common/function.php 第 13 行.
NOTIC: [8] Undefined index: bxdd /Users/duzexuan/www/report/APP/Home/Common/function.php 第 13 行.
NOTIC: [8] Undefined index: bxnr /Users/duzexuan/www/report/APP/Home/Common/function.php 第 13 行.
NOTIC: [2] Illegal string offset 'RepairInfo' /Users/duzexuan/www/report/APP/Home/Common/function.php 第 90 行.
NOTIC: [8] Uninitialized string offset: 0 /Users/duzexuan/www/report/APP/Home/Common/function.php 第 90 行.
SQL: SHOW COLUMNS FROM `wx_globle` [ RunTime:0.0021s ]
NOTIC: [2] Illegal string offset 'wx_djh' /Users/duzexuan/www/report/APP/Home/Controller/IndexController.class.php 第 67 行.
NOTIC: [8] Uninitialized string offset: 0 /Users/duzexuan/www/report/APP/Home/Controller/IndexController.class.php 第 67 行.
INFO: [ app_end ] --START--
INFO: Run Behavior\ShowPageTraceBehavior [ RunTime:0.005992s ]
INFO: [ app_end ] --END-- [ RunTime:0.006038s ]

[ 2015-10-09T13:30:46+08:00 ] ::1 /report/
INFO: [ app_init ] --START--
INFO: Run Behavior\BuildLiteBehavior [ RunTime:0.000007s ]
INFO: [ app_init ] --END-- [ RunTime:0.000034s ]
INFO: [ app_begin ] --START--
INFO: Run Behavior\ReadHtmlCacheBehavior [ RunTime:0.000211s ]
INFO: [ app_begin ] --END-- [ RunTime:0.000238s ]
NOTIC: [8] Undefined index: xm /Users/duzexuan/www/report/APP/Home/Common/function.php 第 13 行.
NOTIC: [8] Undefined index: ip /Users/duzexuan/www/report/APP/Home/Common/function.php 第 13 行.
NOTIC: [8] Undefined index: bt /Users/duzexuan/www/report/APP/Home/Common/function.php 第 13 行.
NOTIC: [8] Undefined index: fwxmh /Users/duzexuan/www/report/APP/Home/Common/function.php 第 13 行.
NOTIC: [8] Undefined index: bxdh /Users/duzexuan/www/report/APP/Home/Common/function.php 第 13 行.
NOTIC: [8] Undefined index: fwqyh /Users/duzexuan/www/report/APP/Home/Common/function.php 第 13 行.
NOTIC: [8] Undefined index: bxdd /Users/duzexuan/www/report/APP/Home/Common/function.php 第 13 行.
NOTIC: [8] Undefined index: bxnr /Users/duzexuan/www/report/APP/Home/Common/function.php 第 13 行.
NOTIC: [2] Illegal string offset 'RepairInfo' /Users/duzexuan/www/report/APP/Home/Common/function.php 第 90 行.
NOTIC: [8] Uninitialized string offset: 0 /Users/duzexuan/www/report/APP/Home/Common/function.php 第 90 行.
SQL: SHOW COLUMNS FROM `wx_globle` [ RunTime:0.0037s ]
NOTIC: [2] Illegal string offset 'wx_djh' /Users/duzexuan/www/report/APP/Home/Controller/IndexController.class.php 第 67 行.
NOTIC: [8] Uninitialized string offset: 0 /Users/duzexuan/www/report/APP/Home/Controller/IndexController.class.php 第 67 行.
INFO: [ app_end ] --START--
INFO: Run Behavior\ShowPageTraceBehavior [ RunTime:0.000316s ]
INFO: [ app_end ] --END-- [ RunTime:0.000343s ]

[ 2015-10-09T13:31:16+08:00 ] ::1 /report/
INFO: [ app_init ] --START--
INFO: Run Behavior\BuildLiteBehavior [ RunTime:0.000021s ]
INFO: [ app_init ] --END-- [ RunTime:0.000119s ]
INFO: [ app_begin ] --START--
INFO: Run Behavior\ReadHtmlCacheBehavior [ RunTime:0.000382s ]
INFO: [ app_begin ] --END-- [ RunTime:0.000429s ]
NOTIC: [8] Undefined index: xm /Users/duzexuan/www/report/APP/Home/Common/function.php 第 13 行.
NOTIC: [8] Undefined index: ip /Users/duzexuan/www/report/APP/Home/Common/function.php 第 13 行.
NOTIC: [8] Undefined index: bt /Users/duzexuan/www/report/APP/Home/Common/function.php 第 13 行.
NOTIC: [8] Undefined index: fwxmh /Users/duzexuan/www/report/APP/Home/Common/function.php 第 13 行.
NOTIC: [8] Undefined index: bxdh /Users/duzexuan/www/report/APP/Home/Common/function.php 第 13 行.
NOTIC: [8] Undefined index: fwqyh /Users/duzexuan/www/report/APP/Home/Common/function.php 第 13 行.
NOTIC: [8] Undefined index: bxdd /Users/duzexuan/www/report/APP/Home/Common/function.php 第 13 行.
NOTIC: [8] Undefined index: bxnr /Users/duzexuan/www/report/APP/Home/Common/function.php 第 13 行.
NOTIC: [2] Illegal string offset 'RepairInfo' /Users/duzexuan/www/report/APP/Home/Common/function.php 第 90 行.
NOTIC: [8] Uninitialized string offset: 0 /Users/duzexuan/www/report/APP/Home/Common/function.php 第 90 行.
SQL: SHOW COLUMNS FROM `wx_globle` [ RunTime:0.0021s ]
NOTIC: [2] Illegal string offset 'wx_djh' /Users/duzexuan/www/report/APP/Home/Controller/IndexController.class.php 第 67 行.
NOTIC: [8] Uninitialized string offset: 0 /Users/duzexuan/www/report/APP/Home/Controller/IndexController.class.php 第 67 行.
NOTIC: [4096] Object of class Think\Model could not be converted to string /Users/duzexuan/www/report/APP/Home/Controller/IndexController.class.php 第 68 行.
INFO: [ app_end ] --START--
INFO: Run Behavior\ShowPageTraceBehavior [ RunTime:0.000369s ]
INFO: [ app_end ] --END-- [ RunTime:0.000405s ]

[ 2015-10-09T13:31:18+08:00 ] ::1 /report/
INFO: [ app_init ] --START--
INFO: Run Behavior\BuildLiteBehavior [ RunTime:0.000007s ]
INFO: [ app_init ] --END-- [ RunTime:0.000036s ]
INFO: [ app_begin ] --START--
INFO: Run Behavior\ReadHtmlCacheBehavior [ RunTime:0.000351s ]
INFO: [ app_begin ] --END-- [ RunTime:0.000395s ]
NOTIC: [8] Undefined index: xm /Users/duzexuan/www/report/APP/Home/Common/function.php 第 13 行.
NOTIC: [8] Undefined index: ip /Users/duzexuan/www/report/APP/Home/Common/function.php 第 13 行.
NOTIC: [8] Undefined index: bt /Users/duzexuan/www/report/APP/Home/Common/function.php 第 13 行.
NOTIC: [8] Undefined index: fwxmh /Users/duzexuan/www/report/APP/Home/Common/function.php 第 13 行.
NOTIC: [8] Undefined index: bxdh /Users/duzexuan/www/report/APP/Home/Common/function.php 第 13 行.
NOTIC: [8] Undefined index: fwqyh /Users/duzexuan/www/report/APP/Home/Common/function.php 第 13 行.
NOTIC: [8] Undefined index: bxdd /Users/duzexuan/www/report/APP/Home/Common/function.php 第 13 行.
NOTIC: [8] Undefined index: bxnr /Users/duzexuan/www/report/APP/Home/Common/function.php 第 13 行.
NOTIC: [2] Illegal string offset 'RepairInfo' /Users/duzexuan/www/report/APP/Home/Common/function.php 第 90 行.
NOTIC: [8] Uninitialized string offset: 0 /Users/duzexuan/www/report/APP/Home/Common/function.php 第 90 行.
SQL: SHOW COLUMNS FROM `wx_globle` [ RunTime:0.0029s ]
NOTIC: [2] Illegal string offset 'wx_djh' /Users/duzexuan/www/report/APP/Home/Controller/IndexController.class.php 第 67 行.
NOTIC: [8] Uninitialized string offset: 0 /Users/duzexuan/www/report/APP/Home/Controller/IndexController.class.php 第 67 行.
NOTIC: [4096] Object of class Think\Model could not be converted to string /Users/duzexuan/www/report/APP/Home/Controller/IndexController.class.php 第 68 行.
INFO: [ app_end ] --START--
INFO: Run Behavior\ShowPageTraceBehavior [ RunTime:0.000399s ]
INFO: [ app_end ] --END-- [ RunTime:0.000434s ]

[ 2015-10-09T13:31:32+08:00 ] ::1 /report/
INFO: [ app_init ] --START--
INFO: Run Behavior\BuildLiteBehavior [ RunTime:0.000009s ]
INFO: [ app_init ] --END-- [ RunTime:0.000042s ]
INFO: [ app_begin ] --START--
INFO: Run Behavior\ReadHtmlCacheBehavior [ RunTime:0.000421s ]
INFO: [ app_begin ] --END-- [ RunTime:0.000520s ]
NOTIC: [8] Undefined index: xm /Users/duzexuan/www/report/APP/Home/Common/function.php 第 13 行.
NOTIC: [8] Undefined index: ip /Users/duzexuan/www/report/APP/Home/Common/function.php 第 13 行.
NOTIC: [8] Undefined index: bt /Users/duzexuan/www/report/APP/Home/Common/function.php 第 13 行.
NOTIC: [8] Undefined index: fwxmh /Users/duzexuan/www/report/APP/Home/Common/function.php 第 13 行.
NOTIC: [8] Undefined index: bxdh /Users/duzexuan/www/report/APP/Home/Common/function.php 第 13 行.
NOTIC: [8] Undefined index: fwqyh /Users/duzexuan/www/report/APP/Home/Common/function.php 第 13 行.
NOTIC: [8] Undefined index: bxdd /Users/duzexuan/www/report/APP/Home/Common/function.php 第 13 行.
NOTIC: [8] Undefined index: bxnr /Users/duzexuan/www/report/APP/Home/Common/function.php 第 13 行.
NOTIC: [2] Illegal string offset 'RepairInfo' /Users/duzexuan/www/report/APP/Home/Common/function.php 第 90 行.
NOTIC: [8] Uninitialized string offset: 0 /Users/duzexuan/www/report/APP/Home/Common/function.php 第 90 行.
SQL: SHOW COLUMNS FROM `wx_globle` [ RunTime:0.0021s ]
NOTIC: [2] Illegal string offset 'wx_djh' /Users/duzexuan/www/report/APP/Home/Controller/IndexController.class.php 第 67 行.
NOTIC: [8] Uninitialized string offset: 0 /Users/duzexuan/www/report/APP/Home/Controller/IndexController.class.php 第 67 行.
ERR: SQLSTATE[42000]: Syntax error or access violation: 1064 You have an error in your SQL syntax; check the manual that corresponds to your MySQL server version for the right syntax to use near ')' at line 1

[ 2015-10-09T13:32:45+08:00 ] ::1 /report/
INFO: [ app_init ] --START--
INFO: Run Behavior\BuildLiteBehavior [ RunTime:0.000013s ]
INFO: [ app_init ] --END-- [ RunTime:0.000066s ]
INFO: [ app_begin ] --START--
INFO: Run Behavior\ReadHtmlCacheBehavior [ RunTime:0.000373s ]
INFO: [ app_begin ] --END-- [ RunTime:0.000427s ]

[ 2015-10-09T13:33:27+08:00 ] ::1 /report/
INFO: [ app_init ] --START--
INFO: Run Behavior\BuildLiteBehavior [ RunTime:0.000008s ]
INFO: [ app_init ] --END-- [ RunTime:0.000058s ]
INFO: [ app_begin ] --START--
INFO: Run Behavior\ReadHtmlCacheBehavior [ RunTime:0.000231s ]
INFO: [ app_begin ] --END-- [ RunTime:0.000281s ]
NOTIC: [8] Undefined index: xm /Users/duzexuan/www/report/APP/Home/Common/function.php 第 13 行.
NOTIC: [8] Undefined index: ip /Users/duzexuan/www/report/APP/Home/Common/function.php 第 13 行.
NOTIC: [8] Undefined index: bt /Users/duzexuan/www/report/APP/Home/Common/function.php 第 13 行.
NOTIC: [8] Undefined index: fwxmh /Users/duzexuan/www/report/APP/Home/Common/function.php 第 13 行.
NOTIC: [8] Undefined index: bxdh /Users/duzexuan/www/report/APP/Home/Common/function.php 第 13 行.
NOTIC: [8] Undefined index: fwqyh /Users/duzexuan/www/report/APP/Home/Common/function.php 第 13 行.
NOTIC: [8] Undefined index: bxdd /Users/duzexuan/www/report/APP/Home/Common/function.php 第 13 行.
NOTIC: [8] Undefined index: bxnr /Users/duzexuan/www/report/APP/Home/Common/function.php 第 13 行.
NOTIC: [2] Illegal string offset 'RepairInfo' /Users/duzexuan/www/report/APP/Home/Common/function.php 第 90 行.
NOTIC: [8] Uninitialized string offset: 0 /Users/duzexuan/www/report/APP/Home/Common/function.php 第 90 行.
NOTIC: [2] Illegal string offset 'wx_djh' /Users/duzexuan/www/report/APP/Home/Controller/IndexController.class.php 第 67 行.
NOTIC: [8] Uninitialized string offset: 0 /Users/duzexuan/www/report/APP/Home/Controller/IndexController.class.php 第 67 行.
SQL: SHOW COLUMNS FROM `wx_globle` [ RunTime:0.0025s ]
SQL: SELECT * FROM `wx_globle` WHERE `wx_djh` = ''  [ RunTime:0.0003s ]

[ 2015-10-09T13:33:54+08:00 ] ::1 /report/
INFO: [ app_init ] --START--
INFO: Run Behavior\BuildLiteBehavior [ RunTime:0.000008s ]
INFO: [ app_init ] --END-- [ RunTime:0.000036s ]
INFO: [ app_begin ] --START--
INFO: Run Behavior\ReadHtmlCacheBehavior [ RunTime:0.000238s ]
INFO: [ app_begin ] --END-- [ RunTime:0.000271s ]
NOTIC: [8] Undefined index: xm /Users/duzexuan/www/report/APP/Home/Common/function.php 第 13 行.
NOTIC: [8] Undefined index: ip /Users/duzexuan/www/report/APP/Home/Common/function.php 第 13 行.
NOTIC: [8] Undefined index: bt /Users/duzexuan/www/report/APP/Home/Common/function.php 第 13 行.
NOTIC: [8] Undefined index: fwxmh /Users/duzexuan/www/report/APP/Home/Common/function.php 第 13 行.
NOTIC: [8] Undefined index: bxdh /Users/duzexuan/www/report/APP/Home/Common/function.php 第 13 行.
NOTIC: [8] Undefined index: fwqyh /Users/duzexuan/www/report/APP/Home/Common/function.php 第 13 行.
NOTIC: [8] Undefined index: bxdd /Users/duzexuan/www/report/APP/Home/Common/function.php 第 13 行.
NOTIC: [8] Undefined index: bxnr /Users/duzexuan/www/report/APP/Home/Common/function.php 第 13 行.
NOTIC: [2] Illegal string offset 'RepairInfo' /Users/duzexuan/www/report/APP/Home/Common/function.php 第 90 行.
NOTIC: [8] Uninitialized string offset: 0 /Users/duzexuan/www/report/APP/Home/Common/function.php 第 90 行.
NOTIC: [2] Illegal string offset 'wx_djh' /Users/duzexuan/www/report/APP/Home/Controller/IndexController.class.php 第 67 行.
NOTIC: [8] Uninitialized string offset: 0 /Users/duzexuan/www/report/APP/Home/Controller/IndexController.class.php 第 67 行.
SQL: SHOW COLUMNS FROM `wx_globle` [ RunTime:0.0036s ]
SQL: SELECT * FROM `wx_globle` WHERE `wx_djh` = ''  [ RunTime:0.0003s ]

[ 2015-10-09T13:33:56+08:00 ] ::1 /report/
INFO: [ app_init ] --START--
INFO: Run Behavior\BuildLiteBehavior [ RunTime:0.000007s ]
INFO: [ app_init ] --END-- [ RunTime:0.000034s ]
INFO: [ app_begin ] --START--
INFO: Run Behavior\ReadHtmlCacheBehavior [ RunTime:0.000292s ]
INFO: [ app_begin ] --END-- [ RunTime:0.000333s ]
NOTIC: [8] Undefined index: xm /Users/duzexuan/www/report/APP/Home/Common/function.php 第 13 行.
NOTIC: [8] Undefined index: ip /Users/duzexuan/www/report/APP/Home/Common/function.php 第 13 行.
NOTIC: [8] Undefined index: bt /Users/duzexuan/www/report/APP/Home/Common/function.php 第 13 行.
NOTIC: [8] Undefined index: fwxmh /Users/duzexuan/www/report/APP/Home/Common/function.php 第 13 行.
NOTIC: [8] Undefined index: bxdh /Users/duzexuan/www/report/APP/Home/Common/function.php 第 13 行.
NOTIC: [8] Undefined index: fwqyh /Users/duzexuan/www/report/APP/Home/Common/function.php 第 13 行.
NOTIC: [8] Undefined index: bxdd /Users/duzexuan/www/report/APP/Home/Common/function.php 第 13 行.
NOTIC: [8] Undefined index: bxnr /Users/duzexuan/www/report/APP/Home/Common/function.php 第 13 行.
NOTIC: [2] Illegal string offset 'RepairInfo' /Users/duzexuan/www/report/APP/Home/Common/function.php 第 90 行.
NOTIC: [8] Uninitialized string offset: 0 /Users/duzexuan/www/report/APP/Home/Common/function.php 第 90 行.
NOTIC: [2] Illegal string offset 'wx_djh' /Users/duzexuan/www/report/APP/Home/Controller/IndexController.class.php 第 67 行.
NOTIC: [8] Uninitialized string offset: 0 /Users/duzexuan/www/report/APP/Home/Controller/IndexController.class.php 第 67 行.
SQL: SHOW COLUMNS FROM `wx_globle` [ RunTime:0.0025s ]
SQL: SELECT * FROM `wx_globle` WHERE `wx_djh` = ''  [ RunTime:0.0003s ]

[ 2015-10-09T13:35:07+08:00 ] ::1 /report/
INFO: [ app_init ] --START--
INFO: Run Behavior\BuildLiteBehavior [ RunTime:0.000008s ]
INFO: [ app_init ] --END-- [ RunTime:0.000041s ]
INFO: [ app_begin ] --START--
INFO: Run Behavior\ReadHtmlCacheBehavior [ RunTime:0.000369s ]
INFO: [ app_begin ] --END-- [ RunTime:0.000410s ]
NOTIC: [8] Undefined index: xm /Users/duzexuan/www/report/APP/Home/Common/function.php 第 13 行.
NOTIC: [8] Undefined index: ip /Users/duzexuan/www/report/APP/Home/Common/function.php 第 13 行.
NOTIC: [8] Undefined index: bt /Users/duzexuan/www/report/APP/Home/Common/function.php 第 13 行.
NOTIC: [8] Undefined index: fwxmh /Users/duzexuan/www/report/APP/Home/Common/function.php 第 13 行.
NOTIC: [8] Undefined index: bxdh /Users/duzexuan/www/report/APP/Home/Common/function.php 第 13 行.
NOTIC: [8] Undefined index: fwqyh /Users/duzexuan/www/report/APP/Home/Common/function.php 第 13 行.
NOTIC: [8] Undefined index: bxdd /Users/duzexuan/www/report/APP/Home/Common/function.php 第 13 行.
NOTIC: [8] Undefined index: bxnr /Users/duzexuan/www/report/APP/Home/Common/function.php 第 13 行.
NOTIC: [2] Illegal string offset 'RepairInfo' /Users/duzexuan/www/report/APP/Home/Common/function.php 第 90 行.
NOTIC: [8] Uninitialized string offset: 0 /Users/duzexuan/www/report/APP/Home/Common/function.php 第 90 行.
SQL: SHOW COLUMNS FROM `wx_globle` [ RunTime:0.0023s ]
SQL: SELECT * FROM `wx_globle` WHERE `wx_bxrrzm` = 1  [ RunTime:0.0004s ]

[ 2015-10-09T13:35:09+08:00 ] ::1 /report/
INFO: [ app_init ] --START--
INFO: Run Behavior\BuildLiteBehavior [ RunTime:0.000008s ]
INFO: [ app_init ] --END-- [ RunTime:0.000037s ]
INFO: [ app_begin ] --START--
INFO: Run Behavior\ReadHtmlCacheBehavior [ RunTime:0.000212s ]
INFO: [ app_begin ] --END-- [ RunTime:0.000239s ]
NOTIC: [8] Undefined index: xm /Users/duzexuan/www/report/APP/Home/Common/function.php 第 13 行.
NOTIC: [8] Undefined index: ip /Users/duzexuan/www/report/APP/Home/Common/function.php 第 13 行.
NOTIC: [8] Undefined index: bt /Users/duzexuan/www/report/APP/Home/Common/function.php 第 13 行.
NOTIC: [8] Undefined index: fwxmh /Users/duzexuan/www/report/APP/Home/Common/function.php 第 13 行.
NOTIC: [8] Undefined index: bxdh /Users/duzexuan/www/report/APP/Home/Common/function.php 第 13 行.
NOTIC: [8] Undefined index: fwqyh /Users/duzexuan/www/report/APP/Home/Common/function.php 第 13 行.
NOTIC: [8] Undefined index: bxdd /Users/duzexuan/www/report/APP/Home/Common/function.php 第 13 行.
NOTIC: [8] Undefined index: bxnr /Users/duzexuan/www/report/APP/Home/Common/function.php 第 13 行.
NOTIC: [2] Illegal string offset 'RepairInfo' /Users/duzexuan/www/report/APP/Home/Common/function.php 第 90 行.
NOTIC: [8] Uninitialized string offset: 0 /Users/duzexuan/www/report/APP/Home/Common/function.php 第 90 行.
SQL: SHOW COLUMNS FROM `wx_globle` [ RunTime:0.0022s ]
SQL: SELECT * FROM `wx_globle` WHERE `wx_bxrrzm` = 1  [ RunTime:0.0003s ]

[ 2015-10-09T13:38:09+08:00 ] ::1 /report/
INFO: [ app_init ] --START--
INFO: Run Behavior\BuildLiteBehavior [ RunTime:0.000007s ]
INFO: [ app_init ] --END-- [ RunTime:0.000035s ]
INFO: [ app_begin ] --START--
INFO: Run Behavior\ReadHtmlCacheBehavior [ RunTime:0.000522s ]
INFO: [ app_begin ] --END-- [ RunTime:0.000597s ]
NOTIC: [8] Undefined index: xm /Users/duzexuan/www/report/APP/Home/Common/function.php 第 13 行.
NOTIC: [8] Undefined index: ip /Users/duzexuan/www/report/APP/Home/Common/function.php 第 13 行.
NOTIC: [8] Undefined index: bt /Users/duzexuan/www/report/APP/Home/Common/function.php 第 13 行.
NOTIC: [8] Undefined index: fwxmh /Users/duzexuan/www/report/APP/Home/Common/function.php 第 13 行.
NOTIC: [8] Undefined index: bxdh /Users/duzexuan/www/report/APP/Home/Common/function.php 第 13 行.
NOTIC: [8] Undefined index: fwqyh /Users/duzexuan/www/report/APP/Home/Common/function.php 第 13 行.
NOTIC: [8] Undefined index: bxdd /Users/duzexuan/www/report/APP/Home/Common/function.php 第 13 行.
NOTIC: [8] Undefined index: bxnr /Users/duzexuan/www/report/APP/Home/Common/function.php 第 13 行.
NOTIC: [2] Illegal string offset 'RepairInfo' /Users/duzexuan/www/report/APP/Home/Common/function.php 第 90 行.
NOTIC: [8] Uninitialized string offset: 0 /Users/duzexuan/www/report/APP/Home/Common/function.php 第 90 行.
SQL: SHOW COLUMNS FROM `wx_globle` [ RunTime:0.0032s ]
SQL: SELECT * FROM `wx_globle` WHERE `wx_bxrrzm` = 1  [ RunTime:0.0003s ]

[ 2015-10-09T13:38:22+08:00 ] ::1 /report/
INFO: [ app_init ] --START--
INFO: Run Behavior\BuildLiteBehavior [ RunTime:0.000007s ]
INFO: [ app_init ] --END-- [ RunTime:0.000034s ]
INFO: [ app_begin ] --START--
INFO: Run Behavior\ReadHtmlCacheBehavior [ RunTime:0.000983s ]
INFO: [ app_begin ] --END-- [ RunTime:0.001038s ]
NOTIC: [8] Undefined index: xm /Users/duzexuan/www/report/APP/Home/Common/function.php 第 13 行.
NOTIC: [8] Undefined index: ip /Users/duzexuan/www/report/APP/Home/Common/function.php 第 13 行.
NOTIC: [8] Undefined index: bt /Users/duzexuan/www/report/APP/Home/Common/function.php 第 13 行.
NOTIC: [8] Undefined index: fwxmh /Users/duzexuan/www/report/APP/Home/Common/function.php 第 13 行.
NOTIC: [8] Undefined index: bxdh /Users/duzexuan/www/report/APP/Home/Common/function.php 第 13 行.
NOTIC: [8] Undefined index: fwqyh /Users/duzexuan/www/report/APP/Home/Common/function.php 第 13 行.
NOTIC: [8] Undefined index: bxdd /Users/duzexuan/www/report/APP/Home/Common/function.php 第 13 行.
NOTIC: [8] Undefined index: bxnr /Users/duzexuan/www/report/APP/Home/Common/function.php 第 13 行.
NOTIC: [2] Illegal string offset 'RepairInfo' /Users/duzexuan/www/report/APP/Home/Common/function.php 第 90 行.
NOTIC: [8] Uninitialized string offset: 0 /Users/duzexuan/www/report/APP/Home/Common/function.php 第 90 行.
SQL: SHOW COLUMNS FROM `wx_globle` [ RunTime:0.0035s ]
SQL: SELECT * FROM `wx_globle` WHERE `wx_bxrrzm` = 1  [ RunTime:0.0003s ]
INFO: [ app_end ] --START--
INFO: Run Behavior\ShowPageTraceBehavior [ RunTime:0.000462s ]
INFO: [ app_end ] --END-- [ RunTime:0.000512s ]

[ 2015-10-09T13:39:26+08:00 ] ::1 /report/
INFO: [ app_init ] --START--
INFO: Run Behavior\BuildLiteBehavior [ RunTime:0.000011s ]
INFO: [ app_init ] --END-- [ RunTime:0.000048s ]
INFO: [ app_begin ] --START--
INFO: Run Behavior\ReadHtmlCacheBehavior [ RunTime:0.000242s ]
INFO: [ app_begin ] --END-- [ RunTime:0.000284s ]
NOTIC: [8] Undefined index: xm /Users/duzexuan/www/report/APP/Home/Common/function.php 第 13 行.
NOTIC: [8] Undefined index: ip /Users/duzexuan/www/report/APP/Home/Common/function.php 第 13 行.
NOTIC: [8] Undefined index: bt /Users/duzexuan/www/report/APP/Home/Common/function.php 第 13 行.
NOTIC: [8] Undefined index: fwxmh /Users/duzexuan/www/report/APP/Home/Common/function.php 第 13 行.
NOTIC: [8] Undefined index: bxdh /Users/duzexuan/www/report/APP/Home/Common/function.php 第 13 行.
NOTIC: [8] Undefined index: fwqyh /Users/duzexuan/www/report/APP/Home/Common/function.php 第 13 行.
NOTIC: [8] Undefined index: bxdd /Users/duzexuan/www/report/APP/Home/Common/function.php 第 13 行.
NOTIC: [8] Undefined index: bxnr /Users/duzexuan/www/report/APP/Home/Common/function.php 第 13 行.
NOTIC: [2] Illegal string offset 'RepairInfo' /Users/duzexuan/www/report/APP/Home/Common/function.php 第 90 行.
NOTIC: [8] Uninitialized string offset: 0 /Users/duzexuan/www/report/APP/Home/Common/function.php 第 90 行.
SQL: SHOW COLUMNS FROM `wx_globle` [ RunTime:0.0021s ]
SQL: SELECT * FROM `wx_globle` WHERE `wx_bxrrzm` = 1  [ RunTime:0.0003s ]

[ 2015-10-09T13:52:41+08:00 ] ::1 /report/
INFO: [ app_init ] --START--
INFO: Run Behavior\BuildLiteBehavior [ RunTime:0.000009s ]
INFO: [ app_init ] --END-- [ RunTime:0.000044s ]
INFO: [ app_begin ] --START--
INFO: Run Behavior\ReadHtmlCacheBehavior [ RunTime:0.000323s ]
INFO: [ app_begin ] --END-- [ RunTime:0.000370s ]

[ 2015-10-09T13:53:16+08:00 ] ::1 /report/
INFO: [ app_init ] --START--
INFO: Run Behavior\BuildLiteBehavior [ RunTime:0.000047s ]
INFO: [ app_init ] --END-- [ RunTime:0.000091s ]
INFO: [ app_begin ] --START--
INFO: Run Behavior\ReadHtmlCacheBehavior [ RunTime:0.000383s ]
INFO: [ app_begin ] --END-- [ RunTime:0.000428s ]
NOTIC: [8] Undefined index: xm /Users/duzexuan/www/report/APP/Home/Common/function.php 第 13 行.
NOTIC: [8] Undefined index: ip /Users/duzexuan/www/report/APP/Home/Common/function.php 第 13 行.
NOTIC: [8] Undefined index: bt /Users/duzexuan/www/report/APP/Home/Common/function.php 第 13 行.
NOTIC: [8] Undefined index: fwxmh /Users/duzexuan/www/report/APP/Home/Common/function.php 第 13 行.
NOTIC: [8] Undefined index: bxdh /Users/duzexuan/www/report/APP/Home/Common/function.php 第 13 行.
NOTIC: [8] Undefined index: fwqyh /Users/duzexuan/www/report/APP/Home/Common/function.php 第 13 行.
NOTIC: [8] Undefined index: bxdd /Users/duzexuan/www/report/APP/Home/Common/function.php 第 13 行.
NOTIC: [8] Undefined index: bxnr /Users/duzexuan/www/report/APP/Home/Common/function.php 第 13 行.
SQL: SHOW COLUMNS FROM `wx_globle` [ RunTime:0.0035s ]
NOTIC: [2] Illegal string offset '#text' /Users/duzexuan/www/report/APP/Home/Model/GlobleModel.class.php 第 7 行.
NOTIC: [8] Uninitialized string offset: 0 /Users/duzexuan/www/report/APP/Home/Model/GlobleModel.class.php 第 7 行.
NOTIC: [2] Illegal string offset '#text' /Users/duzexuan/www/report/APP/Home/Model/GlobleModel.class.php 第 7 行.
NOTIC: [8] Uninitialized string offset: 0 /Users/duzexuan/www/report/APP/Home/Model/GlobleModel.class.php 第 7 行.
NOTIC: [2] Illegal string offset '#text' /Users/duzexuan/www/report/APP/Home/Model/GlobleModel.class.php 第 7 行.
NOTIC: [8] Uninitialized string offset: 0 /Users/duzexuan/www/report/APP/Home/Model/GlobleModel.class.php 第 7 行.
NOTIC: [2] Illegal string offset '#text' /Users/duzexuan/www/report/APP/Home/Model/GlobleModel.class.php 第 7 行.
NOTIC: [8] Uninitialized string offset: 0 /Users/duzexuan/www/report/APP/Home/Model/GlobleModel.class.php 第 7 行.
NOTIC: [2] Illegal string offset '#text' /Users/duzexuan/www/report/APP/Home/Model/GlobleModel.class.php 第 7 行.
NOTIC: [8] Uninitialized string offset: 0 /Users/duzexuan/www/report/APP/Home/Model/GlobleModel.class.php 第 7 行.
NOTIC: [2] Illegal string offset '#text' /Users/duzexuan/www/report/APP/Home/Model/GlobleModel.class.php 第 7 行.
NOTIC: [8] Uninitialized string offset: 0 /Users/duzexuan/www/report/APP/Home/Model/GlobleModel.class.php 第 7 行.
SQL: SHOW COLUMNS FROM `wx_globle` [ RunTime:0.0022s ]
SQL: SELECT * FROM `wx_globle` WHERE `wx_djh` = 'a66222d0-f5ba-4fe5-86d4-a3cd01815db4'  [ RunTime:0.0004s ]
NOTIC: [2] Illegal offset type in isset or empty /Users/duzexuan/www/report/ThinkPHP/Library/Think/Model.class.php 第 511 行.
SQL: DELETE FROM `wx_globle` WHERE `wx_djh` = 'a66222d0-f5ba-4fe5-86d4-a3cd01815db4' [ RunTime:0.0018s ]
SQL: INSERT INTO `wx_globle` (`wx_djh`,`wx_bt`,`wx_bxlxh`,`wx_bxlxm`,`wx_bxrrzm`,`wx_bxr`,`wx_bxsj`,`wx_bxdh`,`wx_fwqyh`,`wx_bxdd`,`wx_bxnr`,`wx_slr`,`wx_shr`,`wx_cxr`,`wx_ysfz`,`wx_ysqk`,`wx_hfr`,`wx_hfmyd`,`wx_hfjy`,`wx_fwqym`,`wx_wxztm`,`wx_wxgm`,`wx_cxbmm`,`xysj`,`wx_wxdh`,`wx_bxip`,`wx_sfkhf`) VALUES ('a66222d0-f5ba-4fe5-86d4-a3cd01815db4','停水','0102','水管','1635841                             ','刘晨凌','2014-10-23 23:41:18','10086','e51e1aae-8aa3-4546-aaab-a18d013873b0','123','<p>停水</p>','李开宇','李开宇','','0','','','','','学生公寓区','已受理','','物业管理中心','10-20分钟响应','Y2014102323-010380','202.202.43.205','否') [ RunTime:0.0013s ]

